20099 0.0 4488
20099 0.0 4488
20691 11.8 657668
20099 0.0 4488
20691 12.7 1367564
20099 0.0 4488
20691 12.9 2129732
20099 0.0 4488
20691 13.0 2823260
20099 0.0 4488
20691 12.7 3495932
20099 0.0 4488
20691 12.8 4202924
20099 0.0 4488
20691 12.9 4947932
20099 0.0 4488
20691 229 6499896
20099 0.0 4488
20691 288 7737248
20099 0.0 4488
20691 289 8498796
20099 0.0 4488
20691 292 9408500
20099 0.0 4488
20691 290 10116532
20099 0.0 4488
20691 286 10782120
20099 0.0 4488
20099 0.0 4488
20099 0.0 4488
20099 0.0 4488
20099 0.0 4488
20099 0.0 4488
20099 0.0 4488
20099 0.0 4488
20099 0.0 4488
20099 0.0 4488
20099 0.0 4488
20099 0.0 4488
20099 0.0 4488
20099 0.0 4488
20099 0.0 4488
20099 0.0 4488
20099 0.0 4488
20099 0.0 4488
20099 0.0 4488
