18620 0.0 4084
18620 0.0 4084
19137 12.4 667436
18620 0.0 4084
19137 176 1630944
18620 0.0 4084
19137 255 2546652
18620 0.0 4084
18620 0.0 4084
18620 0.0 4084
18620 0.0 4084
18620 0.0 4084
18620 0.0 4084
18620 0.0 4084
18620 0.0 4084
18620 0.0 4084
18620 0.0 4084
18620 0.0 4084
18620 0.0 4084
18620 0.0 4084
18620 0.0 4084
18620 0.0 4084
18620 0.0 4084
18620 0.0 4084
18620 0.0 4084
18620 0.0 4084
18620 0.0 4084
18620 0.0 4084
18620 0.0 4084
18620 0.0 4084
18620 0.0 4084
18620 0.0 4084
18620 0.0 4084
18620 0.0 4084
18620 0.0 4084
18620 0.0 4084
18620 0.0 4084
18620 0.0 4084
18620 0.0 4084
18620 0.0 4084
18620 0.0 4084
18620 0.0 4084
18620 0.0 4084
18620 0.0 4084
18620 0.0 4084
18620 0.0 4084
18620 0.0 4084
18620 0.0 4084
18620 0.0 4084
18620 0.0 4084
18620 0.0 4084
18620 0.0 4084
18620 0.0 4084
18620 0.0 4084
18620 0.0 4084
18620 0.0 4084
18620 0.0 4084
18620 0.0 4084
18620 0.0 4084
18620 0.0 4084
18620 0.0 4084
18620 0.0 4084
18620 0.0 4084
18620 0.0 4084
18620 0.0 4084
18620 0.0 4084
18620 0.0 4084
18620 0.0 4084
18620 0.0 4084
18620 0.0 4084
18620 0.0 4084
18620 0.0 4084
18620 0.0 4084
18620 0.0 4084
18620 0.0 4084
18620 0.0 4084
