20099 0.0 4488
21161 13.0 581848
21161 10.8 1330024
21161 11.3 1958344
21161 11.5 2620192
21161 11.5 3291280
21161 11.7 4006720
21161 11.9 4668832
21161 11.7 5271544
21161 11.9 5955040
21161 11.9 6617944
21161 12.0 7284280
21161 12.2 7975432
21161 12.4 8653648
21161 12.3 9219664
21161 12.5 9899992
21161 12.5 10564740
21161 12.5 11248236
21161 12.5 11916156
21161 12.6 12597804
21161 12.6 13208172
21161 12.6 13877148
21161 12.7 14552988
21161 12.7 15252588
21161 12.8 15942684
21161 12.8 16630932
21161 12.7 17223612
21161 78.0 18179376
21161 160 18958800
21161 225 21478504
21161 260 23634812
21161 278 24491444
21161 284 25694168
21161 282 26398180
21161 281 27071704
21161 281 27854272
21161 281 28746752
21161 281 29499436
21161 282 30264116
21161 283 31265152
21161 282 31781140
21161 281 32718968
21161 281 33359792
21161 280 33949972
21161 279 34592168
21161 278 35220312
21161 278 35931048
21161 276 36375396
21161 271 36391504
21161 266 36391504
21161 261 36391504
21161 256 36391504
21161 251 36391504
21161 246 36391504
21161 242 36391504
21161 237 36391504
21161 233 36391504
21161 229 36391504
21161 225 36391504
21161 222 36391504
21992 1.0 4560
21161 218 36391504
21992 0.2 4560
21161 214 36391504
21992 0.1 4560
21161 210 36391504
21992 0.1 4560
21161 207 36391504
21992 0.0 4560
21161 204 36391504
21992 0.0 4560
21161 201 36391504
21992 0.0 4560
21161 198 36391504
21992 0.0 4560
21161 195 36391504
21992 0.0 4560
21161 192 36391504
21992 0.0 4560
21161 189 36391504
21992 0.0 4560
21161 187 36391504
21992 0.0 4560
21161 184 36391504
21992 0.0 4560
21161 182 36391504
21992 0.0 4560
21161 179 36391504
21992 0.0 4560
21161 177 36391504
21992 0.0 4560
21161 174 36391504
21992 0.0 4560
21161 173 36391636
21992 0.0 4560
21161 187 36391664
21992 0.0 4560
21161 188 36391664
21992 0.0 4560
21161 189 36391664
21992 0.0 4560
21161 189 2932
21992 0.0 4560
21161 188 2932
21992 0.0 4560
21161 187 2932
21992 0.0 4560
21161 185 2932
21992 0.0 4560
21161 184 2932
21992 0.0 4560
21161 183 2932
21992 0.0 4560
21161 182 2948
21992 0.0 4560
21161 181 2948
21992 0.0 4560
21992 0.0 4560
21992 0.0 4560
21992 0.0 4560
21992 0.0 4560
21992 0.0 4560
21992 0.0 4560
21992 0.0 4560
21992 0.0 4560
21992 0.0 4560
21992 0.0 4560
21992 0.0 4560
21992 0.0 4560
21992 0.0 4560
21992 0.0 4560
21992 0.0 4560
21992 0.0 4560
21992 0.0 4560
21992 0.0 4560
21992 0.0 4560
21992 0.0 4560
21992 0.0 4560
21992 0.0 4560
21992 0.0 4560
21992 0.0 4560
21992 0.0 4560
21992 0.0 4560
21992 0.0 4560
21992 0.0 4560
21992 0.0 4560
21992 0.0 4560
21992 0.0 4560
21992 0.0 4560
21992 0.0 4560
21992 0.0 4560
21992 0.0 4560
21992 0.0 4560
21992 0.0 4560
21992 0.0 4560
21992 0.0 4560
