21992 0.0 4824
21992 0.0 4824
24724 108 7000364
21992 0.0 4824
24724 104 15392660
21992 0.0 4824
24724 102 23462612
21992 0.0 4824
24724 386 28491176
24724 776 29245768
24724 1050 29772340
24724 1245 30453816
24724 1352 32450556
24724 1395 35951160
24724 1384 37720752
24724 1334 38102100
24724 1292 39089540
24724 1243 40665960
24724 1175 41413996
24724 1118 42411388
24724 1070 43498284
24724 1026 44360684
24724 988 45252492
24724 950 45963668
24724 915 46514932
24724 889 47640916
24724 868 49003888
24724 840 49576688
24724 816 50315752
24724 793 50915668
24724 774 51665608
24724 756 52383380
24724 739 53190884
24724 719 54006816
24724 704 54750864
24724 687 55052328
24724 673 55697148
24724 658 56002640
24724 645 56523628
24724 632 56983172
24724 622 57570496
24724 609 57892720
24724 597 58238732
24724 583 58378384
24724 570 58486536
24724 557 58486536
24724 546 58488884
24724 533 58488884
24724 521 58488884
24724 510 58488884
24724 499 58488884
24724 488 58488884
24724 478 58488884
24724 468 58488884
24724 459 58488884
24724 450 58488884
24724 441 58488884
24724 433 58488884
24724 425 58488884
24724 418 58488884
24724 410 58488884
24724 403 58488884
24724 396 58488884
24724 388 58488884
24724 382 58488884
24724 376 58488884
24724 370 58488884
24724 364 58488884
24724 358 58488884
24724 353 58488884
24724 347 58488884
24724 342 58488884
24724 337 58488884
24724 332 58488884
24724 328 58488884
24724 323 58488884
24724 319 58488884
24724 314 58488884
24724 310 58488884
24724 306 58488884
24724 302 58488884
24724 298 58488884
24724 294 58488884
24724 291 58488884
24724 287 58488884
24724 284 58488884
24724 280 58488884
24724 276 58488884
24724 273 58488884
24724 270 58488884
24724 267 58488884
24724 264 58488884
24724 261 58488884
24724 258 58488884
24724 255 58488884
24724 252 58488884
24724 249 58488884
24724 247 58488884
24724 244 58488884
24724 242 58488884
24724 239 58488884
24724 237 58488884
24724 234 58488884
24724 232 58488884
24724 230 58488884
24724 227 58488884
24724 225 58488884
24724 223 58488884
24724 221 58488884
24724 219 58488884
24724 217 58488884
24724 215 58488884
24724 213 58488884
24724 211 58488884
24724 209 58488884
24724 207 58488884
24724 205 58488884
24724 204 58488884
24724 202 58488884
24724 200 58488884
24724 198 58488884
24724 196 58488884
24724 195 58488884
24724 193 58488884
24724 192 58488884
24724 190 58488884
24724 189 58488884
24724 187 58488884
24724 186 58488884
24724 184 58488884
24724 183 58488884
24724 182 58488884
24724 180 58488884
24724 179 58488884
24724 178 58488884
24724 192 58488912
24724 209 58489048
24724 225 58489048
24724 240 58489048
24724 252 58489048
24724 258 58489048
24724 262 58489048
24724 265 58489056
24724 266 58489056
24724 265 58489056
24724 266 58489056
24724 266 58489056
24724 266 58489056
24724 266 58489056
24724 266 58489056
24724 266 58489056
24724 266 58489056
24724 266 58489056
24724 266 58489056
24724 266 58489056
24724 266 58489056
24724 266 58489056
24724 267 58489056
24724 267 58489056
24724 267 58489056
24724 267 58489056
24724 267 58489056
24724 267 58489056
24724 267 58489056
24724 267 58489056
24724 267 58489056
24724 266 58489056
24724 265 58489056
24724 264 58489056
24724 263 58489056
24724 262 58489056
24724 260 58489056
24724 259 58488904
24724 257 58488904
24724 256 58488904
24724 254 58488904
24724 253 58488904
24724 252 58488904
24724 250 58488904
24724 249 58488904
24724 247 58488904
24724 246 58488904
24724 244 58488904
24724 243 58488904
24724 242 58488904
24724 240 58488904
24724 239 58488904
24724 238 58488904
24724 236 58488904
24724 235 58488904
24724 234 58488904
24724 233 58488904
24724 231 58488904
24724 230 58488904
24724 229 58488904
24724 228 58488904
24724 227 58488904
24724 226 58488904
24724 224 58488904
24724 223 58488904
24724 222 58488904
24724 221 58488904
24724 220 58488904
24724 219 58488904
24724 218 58488904
24724 217 58488904
24724 216 58488904
24724 215 58488904
24724 214 58488904
24724 213 58488904
24724 212 58488904
24724 210 58488904
24724 209 58488904
24724 208 58488904
24724 207 58488904
24724 206 58488904
24724 205 58488904
24724 204 58488904
24724 203 58488904
24724 202 58488904
24724 201 58488904
24724 201 58488904
24724 200 58488904
24724 199 58488904
24724 198 58488904
24724 197 58488904
24724 196 58488904
24724 195 58488904
24724 194 58488904
24724 194 58488904
24724 193 58488904
24724 192 58488904
24724 191 58488904
24724 190 58488904
24724 189 58488904
24724 189 58488904
24724 188 58488904
24724 187 58488904
24724 186 58488904
24724 185 58488904
24724 185 58488904
24724 184 58488904
24724 183 58488904
24724 182 58488904
24724 182 58488904
24724 181 58488904
24724 180 58488904
24724 179 58488904
24724 179 58488904
24724 178 58488904
24724 177 58488904
24724 176 58488904
24724 176 58488904
24724 175 58488904
24724 174 58488904
24724 174 58488904
24724 173 58488904
24724 172 58488904
24724 172 58488904
24724 171 58488904
24724 170 58488904
24724 170 58488904
24724 169 58488904
24724 168 58488904
24724 168 58488904
24724 167 58488904
24724 167 58488904
24724 166 58488904
24724 165 58488904
24724 165 58488904
24724 164 58488904
24724 163 58488904
24724 163 58488904
24724 162 58488904
24724 162 58488904
24724 161 58488904
24724 161 58488904
24724 160 58488904
24724 159 58488904
24724 159 58488904
24724 158 58488904
24724 158 58488904
24724 157 58488904
24724 157 58488904
24724 156 58488904
24724 156 58488904
24724 155 58488904
24724 155 58488904
24724 154 58488904
24724 154 58488904
24724 153 58488904
24724 153 58488904
24724 152 58488904
24724 152 58488904
24724 159 58488904
24724 167 58489064
24724 174 58489064
24724 181 59353460
24724 186 59849720
24724 188 59898868
24724 190 59898868
24724 192 59898872
24724 192 59898872
24724 192 59898872
24724 192 59898872
24724 193 59898872
24724 193 59898872
24724 193 59898872
24724 194 59898872
24724 194 59898872
24724 194 0
29740 102 4799904
29740 101 13189296
29740 101 21799392
29740 101 30210168
29740 213 37124540
29740 606 37872532
29740 880 38578260
29740 1055 39144084
29740 1209 39865960
29740 1332 40437776
29740 1403 42610480
29740 1438 46258924
29740 1450 49104192
29740 1420 50173284
29740 1378 50331476
29740 1344 51133648
29740 1300 52740372
29740 1245 53407712
29740 1197 54373552
29740 1155 55476744
29740 1115 56228112
29740 1073 56694284
29740 1039 57598896
29740 1013 58859040
29740 983 59499660
29740 955 60030808
29740 932 61058816
29740 909 61997880
29740 887 62757320
29740 869 63676032
29740 850 64467620
29740 831 65097736
29740 815 65922404
29740 799 66661736
29740 786 67526832
29740 768 68423608
29740 754 69036880
29740 741 69828820
29740 728 70323264
29740 714 70787456
29740 704 71543420
29740 692 72182220
29740 678 72238080
29740 667 72764388
29740 653 72764388
29740 640 72896552
29740 629 73086088
29740 621 73924544
29740 609 73924544
29740 598 73924544
29740 587 74608352
29740 577 74608352
29740 567 75146144
29740 557 75146144
29740 550 75471608
29740 541 75518884
29740 535 76039360
29740 525 76039360
29740 520 76747056
29740 512 76747056
29740 505 76959300
29740 498 77171748
29740 491 77173332
29740 484 77174648
29740 476 77174648
29740 468 77174648
29740 461 77174648
29740 454 77174648
29740 448 77174648
29740 442 77174648
29740 435 77174648
29740 429 77174648
29740 424 77174648
29740 418 77174648
29740 412 77174648
29740 407 77174648
29740 402 77174648
29740 397 77174648
29740 392 77174648
29740 387 77174648
29740 382 77174648
29740 373 77174648
29740 369 77174648
29740 365 77174648
29740 360 77174648
29740 356 77174648
29740 352 77174648
29740 348 77174648
29740 344 77174648
29740 340 77174648
29740 336 77174648
29740 333 77174648
29740 329 77174648
29740 325 77174648
29740 322 77174648
29740 319 77174648
29740 315 77174648
29740 312 77174648
29740 309 77174648
29740 306 77174648
29740 303 77174648
29740 300 77174648
29740 298 77174648
29740 295 77174648
29740 292 77174648
29740 289 77174648
29740 287 77174648
29740 284 77174648
29740 280 77174648
29740 274 77174648
29740 271 77174648
29740 269 77174648
29740 266 77174648
29740 264 77174648
29740 259 77174648
29740 257 77174648
29740 255 77174648
29740 253 77174648
29740 251 77174648
29740 249 77174648
29740 246 77174648
29740 245 77174648
29740 243 77174648
29740 241 77174648
29740 239 77174648
29740 237 77174648
29740 235 77174648
29740 234 77174648
29740 232 77174648
29740 230 77174648
29740 229 77174648
29740 227 77174648
29740 225 77174648
29740 224 77174648
29740 222 77174648
29740 221 77174648
29740 219 77174648
29740 218 77174648
29740 216 77174648
29740 215 77174648
29740 214 77174648
29740 212 77174648
29740 211 77174648
29740 209 77174648
29740 208 77174648
29740 207 77174648
29740 206 77174648
29740 204 77174648
29740 203 77174648
29740 202 77174648
29740 201 77174648
29740 199 77174648
29740 198 77174648
29740 197 77174648
29740 196 77174648
29740 194 77174648
29740 193 77174648
29740 192 77174648
29740 191 77174648
29740 190 77174648
29740 189 77174648
29740 188 77174648
29740 187 77174648
29740 185 77174648
29740 184 77174648
29740 186 77174676
29740 199 77174808
29740 211 77174808
29740 224 77174808
29740 236 77174808
29740 247 77174808
29740 256 77174808
29740 263 77174808
29740 267 77174808
29740 270 77174808
29740 273 77174808
29740 273 77174808
29740 274 77174808
29740 273 77174808
29740 273 77174808
29740 273 77174808
29740 273 77174808
29740 273 77174808
29740 273 77174808
29740 273 77174808
29740 272 77174808
29740 273 77174808
29740 273 77174808
29740 273 77174808
29740 274 77174808
29740 274 77174808
29740 274 77174808
29740 274 77174808
29740 274 77174808
29740 274 77174808
29740 274 77174808
29740 274 77174808
29740 273 77174808
29740 273 77174808
29740 273 77174808
29740 272 77174808
29740 272 77174808
29740 271 77174808
29740 270 77174808
29740 270 77174808
29740 269 77174808
29740 268 77174808
29740 268 77174808
29740 268 77174808
29740 267 77174808
29740 267 77174808
29740 266 77174808
29740 265 77174808
29740 264 77174808
29740 263 77174808
29740 263 77174808
29740 262 77174808
29740 262 77174808
29740 261 77174808
29740 260 77174808
29740 260 77174808
29740 259 77174808
29740 259 77174808
29740 258 77174808
29740 257 77174656
29740 256 77174656
29740 255 77174656
29740 253 77174656
29740 252 77174656
29740 251 77174656
29740 250 77174656
29740 249 77174656
29740 248 77174656
29740 247 77174656
29740 246 77174656
29740 245 77174656
29740 244 77174656
29740 243 77174656
29740 242 77174656
29740 241 77174656
29740 240 77174656
29740 239 77174656
29740 238 77174656
29740 237 77174656
29740 236 77174656
29740 235 77174656
29740 234 77174656
29740 234 77174656
29740 233 77174656
29740 232 77174656
29740 231 77174656
29740 230 77174656
29740 229 77174656
29740 228 77174656
29740 227 77174656
29740 226 77174656
29740 226 77174656
29740 225 77174656
29740 224 77174656
29740 223 77174656
29740 222 77174656
29740 221 77174656
29740 221 77174656
29740 220 77174656
29740 219 77174656
29740 218 77174656
29740 217 77174656
29740 217 77174656
29740 216 77174656
29740 215 77174656
29740 214 77174656
29740 213 77174656
29740 213 77174656
29740 212 77174656
29740 211 77174656
29740 210 77174656
29740 210 77174656
29740 209 77174656
29740 208 77174656
29740 207 77174656
29740 207 77174656
29740 206 77174656
29740 205 77174656
29740 205 77174656
29740 204 77174656
29740 203 77174656
29740 203 77174656
29740 202 77174656
29740 201 77174656
29740 201 77174656
29740 203 77174824
29740 210 77174824
29740 211 77174828
29740 212 77174828
29740 212 77174828
29740 212 77174828
29740 213 77174828
29740 213 77174828
29740 213 77174828
29740 213 77174828
29740 213 27792460
29740 212 3060
29740 211 3060
29740 211 3096
29740 210 3096
29740 209 3096
29740 209 3096
29740 208 3096
29740 207 3096
29740 207 3096
29740 206 3096
29740 205 3096
29740 205 3096
29740 204 3096
29740 203 3096
29740 203 3096
29740 202 3096
29740 202 3096
29740 201 3096
29740 200 3096
29740 200 3096
29740 199 3096
29740 199 3096
29740 198 3096
29740 197 3096
29740 197 3096
29740 196 3096
29740 196 3096
29740 195 3096
29740 194 3096
29740 194 3096
29740 193 3096
29740 193 3096
29740 192 3096
29740 192 3096
29740 191 3096
29740 191 3096
29740 190 3096
29740 189 3096
29740 189 3096
29740 188 3096
29740 188 3096
29740 187 3096
29740 187 3096
29740 186 3096
29740 186 3096
29740 185 3096
29740 185 3096
29740 184 3096
29740 184 3096
29740 183 3096
29740 183 3096
29740 182 3096
29740 182 3096
29740 181 3096
29740 181 3096
29740 180 3096
29740 180 3096
29740 179 3096
29740 179 3096
29740 178 3096
29740 178 3096
29740 177 3096
29740 177 3096
29740 176 3096
29740 176 3096
29740 175 3096
29740 175 3096
29740 175 3096
29740 174 3096
29740 174 3096
29740 173 3096
29740 173 3096
29740 172 3096
29740 172 3096
29740 171 3096
29740 171 3096
29740 171 3096
29740 170 3096
29740 170 3096
29740 169 3096
29740 169 3096
29740 168 3096
29740 168 3096
29740 168 3096
29740 167 3096
29740 167 3096
29740 166 3096
29740 166 3096
29740 166 3096
29740 165 3096
29740 165 3096
29740 164 3096
29740 164 3096
29740 163 3096
29740 163 3096
29740 163 3096
29740 162 3096
29740 162 3096
29740 161 3096
29740 161 3096
29740 161 3096
29740 160 3096
29740 160 3096
29740 160 3096
29740 159 3096
29740 159 3096
29740 158 3096
29740 158 3096
29740 158 3096
29740 157 3096
29740 157 3096
29740 157 3096
29740 156 3096
29740 156 3096
29740 156 3096
29740 155 3096
29740 155 3096
29740 154 3096
29740 154 3096
29740 154 3096
29740 153 3096
29740 153 3096
29740 153 3096
29740 152 3096
29740 152 3096
29740 152 3096
29740 151 3096
29740 151 3096
29740 151 3096
29740 150 3096
29740 150 3096
29740 150 3096
29740 149 3096
29740 149 3096
29740 149 3096
29740 148 3096
29740 148 3096
29740 148 3096
29740 147 3096
29740 147 3096
29740 147 3096
29740 146 3096
29740 146 3096
29740 146 3096
29740 145 3096
29740 145 3096
29740 145 3096
29740 144 3096
29740 144 3096
29740 144 3096
29740 144 3096
29740 143 3096
29740 143 3096
29740 143 3096
29740 142 3096
29740 142 3096
29740 142 3096
29740 141 3096
29740 141 3096
29740 141 3096
29740 141 3096
29740 140 3096
29740 140 3096
29740 140 3096
29740 139 3096
29740 139 3096
29740 139 3096
29740 139 3096
29740 138 3096
29740 138 3096
29740 138 3096
29740 137 3096
29740 137 3096
29740 137 3096
29740 137 3096
29740 136 3096
29740 136 3096
29740 136 3096
29740 135 3096
29740 135 3096
29740 135 3096
29740 135 3096
29740 134 3096
29740 134 3096
29740 134 3096
29740 134 3096
29740 133 3096
29740 133 3096
29740 133 3096
29740 133 3096
29740 132 3096
29740 132 3096
29740 132 3096
29740 132 3096
29740 131 3096
29740 131 3096
29740 131 3096
29740 130 3096
29740 130 3096
29740 130 3096
29740 130 3096
29740 130 3096
29740 129 3096
29740 129 3096
29740 129 3096
29740 129 3096
29740 128 3096
29740 128 3096
29740 128 3096
29740 128 3096
29740 127 3096
29740 127 3096
29740 127 3096
29740 127 3096
29740 126 3096
29740 126 3096
29740 126 3096
29740 126 3096
29740 125 3096
29740 125 3096
29740 125 3096
29740 125 3096
29740 124 3096
29740 124 3096
29740 124 3096
29740 124 3096
29740 124 3096
29740 123 3096
29740 123 3096
29740 123 3096
29740 123 3096
29740 122 3096
29740 122 3096
29740 122 3096
29740 122 3096
29740 122 3096
29740 121 3096
29740 121 3096
29740 121 3096
29740 121 3096
29740 121 3096
29740 120 3096
29740 120 3096
29740 120 3096
29740 120 3096
29740 119 3096
29740 119 3096
29740 119 3096
29740 119 3096
29740 119 3096
29740 118 3096
29740 118 3096
29740 118 3096
29740 118 3096
29740 118 3096
29740 117 3096
29740 117 3096
29740 117 3096
29740 117 3096
29740 117 3096
29740 116 3096
29740 116 3096
29740 116 3096
29740 116 3096
29740 116 3096
29740 115 3096
29740 115 3096
29740 115 3096
29740 115 3096
29740 115 3096
29740 114 3096
29740 114 3096
29740 114 3096
29740 114 3096
29740 114 3096
29740 113 3096
29740 113 3096
29740 113 3096
29740 113 3096
29740 113 3096
29740 113 3096
29740 112 3096
29740 112 3096
29740 112 3096
29740 112 3096
29740 112 3096
29740 111 3096
29740 111 3096
29740 111 3096
29740 111 3096
29740 111 3096
29740 111 3096
29740 110 3096
29740 110 3096
29740 110 3096
29740 110 3096
29740 110 3096
29740 109 3096
29740 109 3096
29740 109 3096
29740 109 3096
29740 109 3096
29740 109 3096
29740 108 3096
29740 108 3096
29740 108 3096
29740 108 3096
29740 108 3096
29740 108 3096
29740 107 3096
29740 107 3096
29740 107 3096
29740 107 3096
29740 107 3096
29740 107 3096
29740 106 3096
29740 106 3096
29740 106 3096
29740 106 3096
29740 106 3096
29740 106 3096
29740 105 3096
29740 105 3096
29740 105 3096
29740 105 3096
29740 105 3096
29740 105 3096
29740 104 3096
29740 104 3096
29740 104 3096
29740 104 3096
29740 104 3096
29740 104 3096
29740 104 3096
29740 103 3096
29740 103 3096
29740 103 3096
29740 103 3096
29740 103 3096
29740 103 3096
29740 102 3096
29740 102 3096
29740 102 3096
29740 102 3096
29740 102 3096
29740 102 3096
29740 102 3096
29740 101 3096
29740 101 3096
29740 101 3096
29740 101 3096
29740 101 3096
29740 101 3096
29740 100 3096
29740 100 3096
29740 100 3096
29740 100 3096
29740 100 3096
29740 100 3096
29740 100 3096
29740 99.9 3096
29740 99.7 3096
29740 99.6 3096
29740 99.5 3096
29740 99.3 3096
29740 99.2 3096
29740 99.0 3096
29740 98.9 3096
29740 98.8 3096
29740 98.6 3096
29740 98.5 3096
29740 98.3 3096
29740 98.2 3096
29740 98.1 3096
29740 97.9 3096
29740 97.8 3096
29740 97.7 3096
29740 97.5 3096
29740 97.4 3096
29740 97.2 3096
29740 97.1 3096
29740 96.9 3096
29740 96.8 3096
29740 96.7 3096
29740 96.5 3096
29740 96.4 3096
29740 96.3 3096
29740 96.1 3096
29740 96.0 3096
29740 95.9 3096
29740 95.8 3096
29740 95.6 3096
29740 95.5 3096
29740 95.4 3096
29740 95.2 3096
29740 95.1 3096
29740 95.0 3096
29740 94.8 3096
29740 94.7 3096
29740 94.6 3096
29740 94.5 3096
29740 94.3 3096
29740 94.2 3096
29740 94.1 3096
29740 94.0 3096
29740 93.8 3096
29740 93.7 3096
29740 93.6 3096
29740 93.5 3096
29740 93.3 3096
29740 93.2 3096
29740 93.1 3096
29740 92.9 3096
29740 92.8 3096
29740 92.7 3096
29740 92.6 3096
29740 92.4 3096
29740 92.3 3096
29740 92.2 3096
29740 92.1 3096
29740 92.0 3096
29740 91.8 3096
29740 91.7 3096
29740 91.6 3096
29740 91.5 3096
29740 91.4 3096
29740 91.2 3096
29740 91.1 3096
29740 91.0 3096
29740 90.9 3096
29740 90.8 3096
29740 90.7 3096
29740 90.5 3096
29740 90.4 3096
29740 90.3 3096
29740 90.2 3096
29740 90.1 3096
29740 90.0 3096
29740 89.8 3096
29740 89.7 3096
29740 89.6 3096
29740 89.5 3096
29740 89.4 3096
29740 89.2 3096
29740 89.1 3096
29740 89.0 3096
29740 88.9 3096
29740 88.8 3096
29740 88.7 3096
29740 88.6 3096
29740 88.5 3096
29740 88.4 3096
29740 88.2 3096
29740 88.1 3096
29740 88.0 3096
29740 87.9 3096
29740 87.8 3096
29740 87.7 3096
29740 87.6 3096
29740 87.5 3096
29740 87.4 3096
29740 87.3 3096
29740 87.2 3096
29740 87.0 3096
29740 86.9 3096
29740 86.8 3096
29740 86.7 3096
29740 86.6 3096
29740 86.5 3096
29740 86.4 3096
29740 86.3 3096
29740 86.2 3096
29740 86.1 3096
29740 86.0 3096
29740 85.9 3096
29740 85.8 3096
29740 85.7 3096
29740 85.6 3096
29740 85.4 3096
29740 85.3 3096
29740 85.2 3096
29740 85.1 3096
29740 85.0 3096
29740 84.9 3096
29740 84.8 3096
29740 84.7 3096
29740 84.6 3096
29740 84.5 3096
29740 84.4 3096
29740 84.3 3096
29740 84.2 3096
29740 84.1 3096
29740 84.0 3096
29740 83.9 3096
29740 83.8 3096
29740 83.7 3096
29740 83.6 3096
29740 83.5 3096
29740 83.4 3096
29740 83.3 3096
29740 83.2 3096
29740 83.1 3096
29740 83.0 3096
29740 82.9 3096
29740 82.8 3096
29740 82.7 3096
29740 82.7 3096
29740 82.5 3096
29740 82.4 3096
29740 82.3 3096
29740 82.2 3096
29740 82.2 3096
29740 82.1 3096
29740 82.0 3096
29740 81.9 3096
29740 81.8 3096
29740 81.7 3096
29740 81.6 3096
29740 81.5 3096
29740 81.4 3096
29740 81.3 3096
29740 81.2 3096
29740 81.1 3096
29740 81.0 3096
29740 80.9 3096
29740 80.8 3096
29740 80.8 3096
29740 80.7 3096
29740 80.6 3096
29740 80.5 3096
29740 80.4 3096
29740 80.3 3096
29740 80.2 3096
29740 80.1 3096
29740 80.0 3096
29740 79.9 3096
29740 79.8 3096
29740 79.8 3096
29740 79.7 3096
29740 79.6 3096
29740 79.5 3096
29740 79.4 3096
29740 79.3 3096
29740 79.2 3096
29740 79.1 3096
29740 79.0 3096
29740 78.9 3096
29740 78.9 3096
29740 78.8 3096
29740 78.7 3096
29740 78.6 3096
29740 78.5 3096
29740 78.4 3096
29740 78.3 3096
29740 78.2 3096
29740 78.2 3096
29740 78.1 3096
29740 78.0 3096
29740 77.9 3096
29740 77.8 3096
29740 77.7 3096
29740 77.6 3096
29740 77.6 3096
29740 77.5 3096
29740 77.4 3096
29740 77.3 3096
29740 77.2 3096
29740 77.1 3096
29740 77.1 3096
29740 77.0 3096
29740 76.9 3096
29740 76.8 3096
29740 76.7 3096
29740 76.6 3096
29740 76.5 3096
29740 76.5 3096
29740 76.4 3096
29740 76.3 3096
29740 76.2 3096
29740 76.1 3096
29740 76.1 3096
29740 76.0 3096
29740 75.9 3096
29740 75.8 3096
29740 75.7 3096
29740 75.7 3096
29740 75.6 3096
29740 75.5 3096
29740 75.4 3096
29740 75.3 3096
29740 75.3 3096
29740 75.2 3096
29740 75.1 3096
29740 75.0 3096
29740 74.9 3096
29740 74.9 3096
29740 74.8 3096
29740 74.7 3096
29740 74.6 3096
29740 74.5 3096
29740 74.5 3096
29740 74.4 3096
29740 74.3 3096
29740 74.2 3096
29740 74.1 3096
29740 74.1 3096
29740 74.0 3096
29740 73.9 3096
29740 73.8 3096
29740 73.8 3096
29740 73.7 3096
29740 73.6 3096
29740 73.5 3096
29740 73.5 3096
29740 73.4 3096
29740 73.3 3096
29740 73.2 3096
29740 73.2 3096
29740 73.1 3096
29740 73.0 3096
29740 72.9 3096
29740 72.9 3096
29740 72.8 3096
29740 72.7 3096
29740 72.6 3096
29740 72.6 3096
29740 72.5 3096
29740 72.4 3096
29740 72.4 3096
29740 72.3 3096
29740 72.2 3096
29740 72.1 3096
29740 72.1 3096
29740 72.0 3096
29740 71.9 3096
29740 71.8 3096
29740 71.8 3096
29740 71.7 3096
29740 71.6 3096
29740 71.5 3096
29740 71.5 3096
29740 71.4 3096
29740 71.3 3096
29740 71.3 3096
29740 71.2 3096
29740 71.1 3096
29740 71.1 3096
29740 71.0 3096
29740 70.9 3096
29740 70.8 3096
29740 70.8 3096
29740 70.7 3096
29740 70.6 3096
29740 70.6 3096
29740 70.5 3096
29740 70.4 3096
29740 70.4 3096
29740 70.3 3096
29740 70.2 3096
29740 70.2 3096
29740 70.1 3096
29740 70.0 3096
29740 70.0 3096
29740 69.9 3096
29740 69.8 3096
29740 69.7 3096
29740 69.7 3096
29740 69.6 3096
29740 69.5 3096
29740 69.5 3096
29740 69.4 3096
29740 69.3 3096
29740 69.3 3096
29740 69.2 3096
29740 69.1 3096
29740 69.1 3096
29740 69.0 3096
29740 68.9 3096
29740 68.9 3096
29740 68.8 3096
29740 68.7 3096
29740 68.7 3096
29740 68.6 3096
29740 68.6 3096
29740 68.5 3096
29740 68.4 3096
29740 68.4 3096
29740 68.3 3096
29740 68.2 3096
29740 68.2 3096
29740 68.1 3096
29740 68.0 3096
29740 68.0 3096
29740 67.9 3096
29740 67.8 3096
29740 67.8 3096
29740 67.7 3096
29740 67.7 3096
29740 67.6 3096
29740 67.5 3096
29740 67.5 3096
29740 67.4 3096
29740 67.3 3096
29740 67.3 3096
29740 67.2 3096
29740 67.2 3096
29740 67.1 3096
29740 67.0 3096
29740 67.0 3096
29740 66.9 3096
29740 66.8 3096
29740 66.8 3096
29740 66.7 3096
29740 66.7 3096
29740 66.6 3096
29740 66.5 3096
29740 66.5 3096
29740 66.4 3096
29740 66.4 3096
29740 66.3 3096
29740 66.3 3096
29740 66.2 3096
29740 66.1 3096
29740 66.1 3096
29740 66.0 3096
29740 66.0 3096
29740 65.9 3096
29740 65.8 3096
29740 65.8 3096
29740 65.7 3096
29740 65.7 3096
29740 65.6 3096
29740 65.5 3096
29740 65.5 3096
29740 65.4 3096
29740 65.4 3096
29740 65.3 3096
29740 65.2 3096
29740 65.2 3096
29740 65.1 3096
29740 65.1 3096
29740 65.0 3096
29740 65.0 3096
29740 64.9 3096
29740 64.8 3096
29740 64.8 3096
29740 64.7 3096
29740 64.7 3096
29740 64.6 3096
29740 64.6 3096
29740 64.5 3096
29740 64.4 3096
29740 64.4 3096
29740 64.3 3096
29740 64.3 3096
29740 64.2 3096
29740 64.2 3096
29740 64.1 3096
29740 64.1 3096
29740 64.0 3096
29740 63.9 3096
29740 63.9 3096
29740 63.8 3096
29740 63.8 3096
29740 63.7 3096
29740 63.7 3096
29740 63.6 3096
29740 63.5 3096
29740 63.5 3096
29740 63.4 3096
29740 63.4 3096
29740 63.3 3096
29740 63.3 3096
29740 63.2 3096
29740 63.2 3096
29740 63.1 3096
29740 63.1 3096
29740 63.0 3096
29740 63.0 3096
29740 62.9 3096
29740 62.8 3096
29740 62.8 3096
29740 62.7 3096
29740 62.7 3096
29740 62.6 3096
29740 62.6 3096
29740 62.5 3096
29740 62.5 3096
29740 62.4 3096
29740 62.4 3096
29740 62.3 3096
29740 62.3 3096
29740 62.2 3096
29740 62.2 3096
29740 62.1 3096
29740 62.0 3096
29740 62.0 3096
29740 61.9 3096
29740 61.9 3096
29740 61.8 3096
29740 61.8 3096
29740 61.7 3096
29740 61.7 3096
29740 61.6 3096
29740 61.6 3096
29740 61.5 3096
29740 61.5 3096
29740 61.4 3096
29740 61.4 3096
29740 61.3 3096
29740 61.3 3096
29740 61.2 3096
29740 61.2 3096
29740 61.1 3096
29740 61.1 3096
29740 61.0 3096
29740 61.0 3096
29740 60.9 3096
29740 60.9 3096
29740 60.8 3096
29740 60.8 3096
29740 60.7 3096
29740 60.7 3096
29740 60.6 3096
29740 60.6 3096
29740 60.5 3096
29740 60.5 3096
29740 60.4 3096
29740 60.4 3096
29740 60.3 3096
29740 60.3 3096
29740 60.2 3096
29740 60.2 3096
29740 60.1 3096
29740 60.1 3096
29740 60.0 3096
29740 60.0 3096
29740 59.9 3096
29740 59.9 3096
29740 59.8 3096
29740 59.8 3096
29740 59.7 3096
29740 59.7 3096
29740 59.6 3096
29740 59.6 3096
29740 59.5 3096
29740 59.5 3096
29740 59.5 3096
29740 59.4 3096
29740 59.4 3096
29740 59.3 3096
29740 59.3 3096
29740 59.2 3096
29740 59.2 3096
29740 59.1 3096
29740 59.1 3096
29740 59.0 3096
29740 59.0 3096
29740 58.9 3096
29740 58.9 3096
29740 58.8 3096
29740 58.8 3096
29740 58.7 3096
29740 58.7 3096
29740 58.7 3096
29740 58.6 3096
29740 58.6 3096
29740 58.5 3096
29740 58.5 3096
29740 58.4 3096
29740 58.4 3096
29740 58.3 3096
29740 58.3 3096
29740 58.2 3096
29740 58.2 3096
29740 58.2 3096
29740 58.1 3096
29740 58.1 3096
29740 58.0 3096
29740 58.0 3096
29740 57.9 3096
29740 57.9 3096
29740 57.8 3096
29740 57.8 3096
29740 57.7 3096
29740 57.7 3096
29740 57.7 3096
29740 57.6 3096
29740 57.6 3096
29740 57.5 3096
29740 57.5 3096
29740 57.4 3096
29740 57.4 3096
29740 57.3 3096
29740 57.3 3096
29740 57.3 3096
29740 57.2 3096
29740 57.2 3096
29740 57.1 3096
29740 57.1 3096
29740 57.0 3096
29740 57.0 3096
29740 57.0 3096
29740 56.9 3096
29740 56.9 3096
29740 56.8 3096
29740 56.8 3096
29740 56.7 3096
29740 56.7 3096
29740 56.7 3096
29740 56.6 3096
29740 56.6 3096
29740 56.5 3096
29740 56.5 3096
29740 56.4 3096
29740 56.4 3096
29740 56.4 3096
29740 56.3 3096
29740 56.3 3096
29740 56.2 3096
29740 56.2 3096
29740 56.1 3096
29740 56.1 3096
29740 56.0 3096
29740 56.0 3096
29740 56.0 3096
29740 55.9 3096
29740 55.9 3096
29740 55.8 3096
29740 55.8 3096
29740 55.8 3096
29740 55.7 3096
29740 55.7 3096
29740 55.6 3096
29740 55.6 3096
29740 55.5 3096
29740 55.5 3096
29740 55.5 3096
29740 55.4 3096
29740 55.4 3096
29740 55.3 3096
29740 55.3 3096
29740 55.3 3096
29740 55.2 3096
29740 55.2 3096
29740 55.1 3096
29740 55.1 3096
29740 55.1 3096
29740 55.0 3096
29740 55.0 3096
29740 54.9 3096
29740 54.9 3096
29740 54.9 3096
29740 54.8 3096
29740 54.8 3096
29740 54.7 3096
29740 54.7 3096
29740 54.7 3096
29740 54.6 3096
29740 54.6 3096
29740 54.5 3096
29740 54.5 3096
29740 54.5 3096
29740 54.4 3096
29740 54.4 3096
29740 54.3 3096
29740 54.3 3096
29740 54.3 3096
29740 54.2 3096
29740 54.2 3096
29740 54.1 3096
29740 54.1 3096
29740 54.1 3096
29740 54.0 3096
29740 54.0 3096
29740 54.0 3096
29740 53.9 3096
29740 53.9 3096
29740 53.8 3096
29740 53.8 3096
29740 53.8 3096
29740 53.7 3096
29740 53.7 3096
29740 53.6 3096
29740 53.6 3096
29740 53.6 3096
29740 53.5 3096
29740 53.5 3096
29740 53.5 3096
29740 53.4 3096
29740 53.4 3096
29740 53.3 3096
29740 53.3 3096
29740 53.3 3096
29740 53.2 3096
29740 53.2 3096
29740 53.2 3096
29740 53.1 3096
29740 53.1 3096
29740 53.0 3096
29740 53.0 3096
29740 53.0 3096
29740 52.9 3096
29740 52.9 3096
29740 52.9 3096
29740 52.8 3096
29740 52.8 3096
29740 52.7 3096
29740 52.7 3096
29740 52.7 3096
29740 52.6 3096
29740 52.6 3096
29740 52.6 3096
29740 52.5 3096
29740 52.5 3096
29740 52.5 3096
29740 52.4 3096
29740 52.4 3096
29740 52.3 3096
29740 52.3 3096
29740 52.3 3096
29740 52.2 3096
29740 52.2 3096
29740 52.2 3096
29740 52.1 3096
29740 52.1 3096
29740 52.1 3096
29740 52.0 3096
29740 52.0 3096
29740 52.0 3096
29740 51.9 3096
29740 51.9 3096
29740 51.8 3096
29740 51.8 3096
29740 51.8 3096
29740 51.7 3096
29740 51.7 3096
29740 51.7 3096
29740 51.6 3096
29740 51.6 3096
29740 51.6 3096
29740 51.5 3096
29740 51.5 3096
29740 51.5 3096
29740 51.4 3096
29740 51.4 3096
29740 51.4 3096
29740 51.3 3096
29740 51.3 3096
29740 51.3 3096
29740 51.2 3096
29740 51.2 3096
29740 51.1 3096
29740 51.1 3096
29740 51.1 3096
29740 51.0 3096
29740 51.0 3096
29740 51.0 3096
29740 50.9 3096
29740 50.9 3096
29740 50.9 3096
29740 50.8 3096
29740 50.8 3096
29740 50.8 3096
29740 50.7 3096
29740 50.7 3096
29740 50.7 3096
29740 50.6 3096
29740 50.6 3096
29740 50.6 3096
29740 50.5 3096
29740 50.5 3096
29740 50.5 3096
29740 50.4 3096
29740 50.4 3096
29740 50.4 3096
29740 50.3 3096
29740 50.3 3096
29740 50.3 3096
29740 50.2 3096
29740 50.2 3096
29740 50.2 3096
29740 50.1 3096
29740 50.1 3096
29740 50.1 3096
29740 50.0 3096
29740 50.0 3096
29740 50.0 3096
29740 49.9 3096
29740 49.9 3096
29740 49.9 3096
29740 49.8 3096
29740 49.8 3096
29740 49.8 3096
29740 49.7 3096
29740 49.7 3096
29740 49.7 3096
29740 49.6 3096
29740 49.6 3096
29740 49.6 3096
29740 49.5 3096
29740 49.5 3096
29740 49.5 3096
29740 49.5 0
