30753 0.0 792
30753 0.0 792
30760 101 4699764
30753 0.0 1688
30760 66.6 8597052
30753 0.0 1688
30760 43.1 8597052
30753 0.0 1688
30760 32.8 8597052
30753 0.0 1688
30760 27.0 8597052
30753 0.0 1688
30760 23.3 8597052
30753 0.0 1688
30760 20.6 8597052
30753 0.0 1688
30760 18.3 8597052
30753 0.0 1688
30760 18.8 8597052
30753 0.0 1688
30760 220 4691232
30753 0.0 1688
30760 209 4691232
30753 0.0 1688
30760 199 4691232
30753 0.0 1688
30760 190 4691232
30753 0.0 1688
30760 183 4691232
30753 0.0 1688
30760 174 4691232
30753 0.0 1688
30760 163 4691232
30753 0.0 1688
30760 154 4691232
30753 0.0 1688
30760 143 4691232
30753 0.0 1688
30760 136 4691232
30753 0.0 1688
30760 129 4691232
30753 0.0 1688
30760 123 4691232
30753 0.0 1688
30753 0.0 1688
