33769 0.0 864
33769 0.0 864
33775 112 6816920
33769 0.0 1752
33775 95.0 15989332
33769 0.0 1752
33775 69.2 17190532
33769 0.0 1752
33775 53.5 17190532
33769 0.0 1752
33775 44.1 17190532
33769 0.0 1752
33775 37.9 17190532
33769 0.0 1752
33775 33.4 17190532
33769 0.0 1752
33775 29.8 17190532
33769 0.0 1752
33775 27.2 17190532
33769 0.0 1752
33775 25.2 17190532
33769 0.0 1752
33775 23.5 17190532
33769 0.0 1752
33775 22.1 17190532
33769 0.0 1752
33775 20.9 17190532
33769 0.0 1752
33775 19.7 17190532
33769 0.0 1752
33775 18.9 17190532
33769 0.0 1752
33775 18.1 17190532
33769 0.0 1752
33775 21.3 17190748
33769 0.0 1752
33775 25.7 17190748
33769 0.0 1752
33775 158 9379016
33769 0.0 1752
33775 257 9379136
33769 0.0 1752
33775 250 8754136
33769 0.0 1752
33775 243 16064880
33769 0.0 1752
33775 233 17191576
33769 0.0 1752
33775 223 17191576
33769 0.0 1752
33775 214 17191576
33769 0.0 1752
33775 206 17191576
33769 0.0 1752
33775 199 17191576
33769 0.0 1752
33775 192 17191576
33769 0.0 1752
33775 185 17191576
33769 0.0 1752
33775 179 17191576
33769 0.0 1752
33775 173 17191576
33769 0.0 1752
33775 168 17191576
33769 0.0 1752
33775 163 17191576
33769 0.0 1752
33775 157 17191576
33769 0.0 1752
33775 153 17191576
33769 0.0 1752
33775 148 17191576
33769 0.0 1752
33775 145 17191576
33769 0.0 1752
33775 141 17191576
33769 0.0 1752
33775 137 17191576
33769 0.0 1752
33775 134 17191576
33769 0.0 1752
33775 131 17191576
33769 0.0 1752
33775 128 17191576
33769 0.0 1752
33775 125 17191576
33769 0.0 1752
33775 122 17191576
33769 0.0 1752
33775 119 17191576
33769 0.0 1752
33775 117 17191576
33769 0.0 1752
33775 114 17191576
33769 0.0 1752
33775 112 17191576
33769 0.0 1752
33775 109 17191576
33769 0.0 1752
33775 107 17191576
33769 0.0 1752
33775 105 17191576
33769 0.0 1752
33775 103 17191576
33769 0.0 1752
33775 101 17191576
33769 0.0 1752
33775 99.8 17191576
33769 0.0 1752
33775 98.0 17191576
33769 0.0 1752
33775 96.3 17191576
33769 0.0 1752
33775 94.8 17191576
33769 0.0 1752
33775 93.3 17191576
33769 0.0 1752
33775 91.9 17191576
33769 0.0 1752
33775 90.5 17191576
33769 0.0 1752
33775 89.1 17191576
33769 0.0 1752
33775 87.7 17191576
33769 0.0 1752
33775 86.4 17191576
33769 0.0 1752
33775 84.8 17191576
33769 0.0 1752
33775 83.5 17191576
33769 0.0 1752
33775 82.3 17191576
33769 0.0 1752
33775 81.1 17191576
33769 0.0 1752
33775 97.8 9379276
33769 0.0 1752
33775 139 9379140
33769 0.0 1752
33775 138 9379140
33769 0.0 1752
33775 138 13433644
33769 0.0 1752
33775 137 17191632
33769 0.0 1752
33775 135 17191632
33769 0.0 1752
33775 133 17191632
33769 0.0 1752
33775 131 17191632
33769 0.0 1752
33775 130 17191632
33769 0.0 1752
33775 128 17191632
33769 0.0 1752
33775 127 17191632
33769 0.0 1752
33775 125 17191632
33769 0.0 1752
33775 123 17191632
33769 0.0 1752
33775 122 17191632
33769 0.0 1752
33775 120 17191632
33769 0.0 1752
33775 119 17191632
33769 0.0 1752
33775 118 17191632
33769 0.0 1752
33775 116 17191632
33769 0.0 1752
33775 115 17191632
33769 0.0 1752
33775 114 17191632
33769 0.0 1752
33775 112 17191632
33769 0.0 1752
33775 111 17191632
33769 0.0 1752
33775 110 17191632
33769 0.0 1752
33775 109 17191632
33769 0.0 1752
33775 108 17191632
33769 0.0 1752
33775 106 17191632
33769 0.0 1752
33775 105 17191632
33769 0.0 1752
33775 104 17191632
33769 0.0 1752
33775 103 17191632
33769 0.0 1752
33775 102 17191632
33769 0.0 1752
33775 101 17191632
33769 0.0 1752
33775 100 17191632
33769 0.0 1752
33775 99.4 17191632
33769 0.0 1752
33775 98.4 17191632
33769 0.0 1752
33775 97.5 17191632
33769 0.0 1752
33775 96.5 17191632
33769 0.0 1752
33775 95.6 17191632
33769 0.0 1752
33775 94.7 17191632
33769 0.0 1752
33775 93.9 17191632
33769 0.0 1752
33775 93.0 17191632
33769 0.0 1752
33775 92.2 17191632
33769 0.0 1752
33775 91.3 17191632
33769 0.0 1752
33775 90.5 17191632
33769 0.0 1752
33775 89.7 17191632
33769 0.0 1752
33775 88.9 17191632
33769 0.0 1752
33775 88.2 17191632
33769 0.0 1752
33775 87.4 17191632
33769 0.0 1752
33775 86.7 17191632
33769 0.0 1752
33775 85.9 17191632
33769 0.0 1752
33775 85.2 17191632
33769 0.0 1752
33775 84.5 17191632
33769 0.0 1752
33775 83.8 17191632
33769 0.0 1752
33775 83.1 17191632
33769 0.0 1752
33775 82.4 17191632
33769 0.0 1752
33775 81.8 17191632
33769 0.0 1752
33775 81.1 17191632
33769 0.0 1752
33775 80.5 17191632
33769 0.0 1752
33775 79.7 17191632
33769 0.0 1752
33775 79.1 17191632
33769 0.0 1752
33775 78.5 17191632
33769 0.0 1752
33775 77.9 17191632
33769 0.0 1752
33775 77.3 17191632
33769 0.0 1752
33775 76.7 17191632
33769 0.0 1752
33775 76.2 17191632
33769 0.0 1752
33775 75.8 17191632
33769 0.0 1752
33775 82.2 9379444
33769 0.0 1752
33775 109 9379140
33769 0.0 1752
33775 109 9379140
33769 0.0 1752
33775 109 15192416
33769 0.0 1752
33775 108 17191632
33769 0.0 1752
33775 107 17191632
33769 0.0 1752
33775 107 17191632
33769 0.0 1752
33775 106 17191632
33769 0.0 1752
33775 105 17191632
33769 0.0 1752
33775 104 17191632
33769 0.0 1752
33775 104 17191632
33769 0.0 1752
33775 103 17191632
33769 0.0 1752
33775 102 17191632
33769 0.0 1752
33775 101 17191632
33769 0.0 1752
33775 101 17191632
33769 0.0 1752
33775 100 17191632
33769 0.0 1752
33775 99.8 17191632
33769 0.0 1752
33775 99.2 17191632
33769 0.0 1752
33775 98.7 17191632
33769 0.0 1752
33775 98.1 17191632
33769 0.0 1752
33775 97.5 17191632
33769 0.0 1752
33775 96.9 17191632
33769 0.0 1752
33775 96.3 17191632
33769 0.0 1752
33775 95.7 17191632
33769 0.0 1752
33775 95.1 17191632
33769 0.0 1752
33775 94.5 17191632
33769 0.0 1752
33775 94.0 17191632
33769 0.0 1752
33775 93.4 17191632
33769 0.0 1752
33775 92.8 17191632
33769 0.0 1752
33775 92.3 17191632
33769 0.0 1752
33775 91.7 17191632
33769 0.0 1752
33775 91.2 17191632
33769 0.0 1752
33775 90.6 17191632
33769 0.0 1752
33775 90.1 17191632
33769 0.0 1752
33775 89.6 17191632
33769 0.0 1752
33775 89.1 17191632
33769 0.0 1752
33775 88.6 17191632
33769 0.0 1752
33775 88.0 17191632
33769 0.0 1752
33775 87.4 17191632
33769 0.0 1752
33775 87.0 17191632
33769 0.0 1752
33775 86.5 17191632
33769 0.0 1752
33775 86.0 17191632
33769 0.0 1752
33775 85.5 17191632
33769 0.0 1752
33775 85.0 17191632
33769 0.0 1752
33775 84.6 17191632
33769 0.0 1752
33775 84.1 17191632
33769 0.0 1752
33775 83.6 17191632
33769 0.0 1752
33775 83.2 17191632
33769 0.0 1752
33775 82.7 17191632
33769 0.0 1752
33775 82.3 17191632
33769 0.0 1752
33775 81.9 17191632
33769 0.0 1752
33775 81.4 17191632
33769 0.0 1752
33775 81.0 17191632
33769 0.0 1752
33775 80.8 17191632
33769 0.0 1752
33775 93.6 9379428
33769 0.0 1752
33775 102 9379140
33769 0.0 1752
33775 102 10237664
33769 0.0 1752
33775 102 17191424
33769 0.0 1752
33775 102 17191424
33769 0.0 1752
33775 101 17191424
33769 0.0 1752
33775 101 17191424
33769 0.0 1752
33775 100 17191424
33769 0.0 1752
33775 100 17191424
33769 0.0 1752
33775 99.6 17191424
33769 0.0 1752
33775 99.1 17191424
33769 0.0 1752
33775 98.6 17191424
33769 0.0 1752
33775 98.1 17191424
33769 0.0 1752
33775 97.7 17191424
33769 0.0 1752
33775 97.2 17191424
33769 0.0 1752
33775 96.7 17191424
33769 0.0 1752
33775 96.1 17191424
33769 0.0 1752
33775 95.7 17191424
33769 0.0 1752
33775 95.2 17191424
33769 0.0 1752
33775 94.8 17191424
33769 0.0 1752
33775 94.3 17191424
33769 0.0 1752
33775 93.9 17191424
33769 0.0 1752
33775 93.4 17191424
33769 0.0 1752
33775 93.0 17191424
33769 0.0 1752
33775 92.6 17191424
33769 0.0 1752
33775 92.1 17191424
33769 0.0 1752
33775 91.7 17191424
33769 0.0 1752
33775 91.3 17191424
33769 0.0 1752
33775 90.9 17191424
33769 0.0 1752
33775 90.5 17191424
33769 0.0 1752
33775 90.1 17191424
33769 0.0 1752
33775 89.7 17191424
33769 0.0 1752
33775 89.3 17191424
33769 0.0 1752
33775 88.9 17191424
33769 0.0 1752
33775 88.5 17191424
33769 0.0 1752
33775 88.1 17191424
33769 0.0 1752
33775 87.7 17191424
33769 0.0 1752
33775 87.3 17191424
33769 0.0 1752
33775 86.9 17191424
33769 0.0 1752
33775 86.6 17191424
33769 0.0 1752
33775 86.2 17191424
33769 0.0 1752
33775 85.8 17191424
33769 0.0 1752
33775 85.4 17191424
33769 0.0 1752
33775 85.0 17191424
33769 0.0 1752
33775 84.6 17191424
33769 0.0 1752
33775 84.3 17191424
33769 0.0 1752
33775 83.9 17191424
33769 0.0 1752
33775 83.6 17191424
33769 0.0 1752
33775 83.2 17191424
33769 0.0 1752
33775 82.9 17191424
33769 0.0 1752
33775 82.6 17191424
33769 0.0 1752
33775 82.2 17191424
33769 0.0 1752
33775 81.9 17191424
33769 0.0 1752
33775 81.5 17191424
33769 0.0 1752
33775 81.2 17191424
33769 0.0 1752
33775 80.9 17191424
33769 0.0 1752
33775 80.3 17191424
33769 0.0 1752
33775 80.0 17191632
33769 0.0 1752
33775 91.6 9379472
33769 0.0 1752
33775 95.6 9379140
33769 0.0 1752
33775 95.7 13629008
33769 0.0 1740
33775 95.4 17191424
33769 0.0 1740
33775 95.1 17191424
33769 0.0 1740
33775 94.7 17191424
33769 0.0 1740
33775 94.4 17191424
33769 0.0 1740
33775 94.0 17191424
33769 0.0 1740
33775 93.6 17191424
33769 0.0 1740
33775 93.2 17191424
33769 0.0 1740
33775 92.9 17191424
33769 0.0 1740
33775 92.5 17191424
33769 0.0 1740
33775 92.2 17191424
33769 0.0 1740
33775 91.8 17191424
33769 0.0 1740
33775 91.5 17191424
33769 0.0 1740
33775 91.1 17191424
33769 0.0 1740
33775 90.8 17191424
33769 0.0 1740
33775 90.5 17191424
33769 0.0 1740
33775 90.1 17191424
33769 0.0 1740
33775 89.8 17191424
33769 0.0 1740
33775 89.5 17191424
33769 0.0 1740
33775 89.1 17191424
33769 0.0 1740
33775 88.8 17191424
33769 0.0 1740
33775 88.5 17191424
33769 0.0 1740
33775 88.2 17191424
33769 0.0 1740
33775 87.8 17191424
33769 0.0 1740
33775 87.5 17191424
33769 0.0 1740
33775 87.2 17191424
33769 0.0 1740
33775 86.9 17191424
33769 0.0 1740
33775 86.6 17191424
33769 0.0 1740
33775 86.3 17191424
33769 0.0 1740
33775 86.0 17191424
33769 0.0 1740
33775 85.7 17191424
33769 0.0 1740
33775 85.4 17191424
33769 0.0 1740
33775 85.1 17191424
33769 0.0 1740
33775 84.8 17191424
33769 0.0 1740
33775 84.5 17191424
33769 0.0 1740
33775 84.1 17191424
33769 0.0 1740
33775 83.9 17191424
33769 0.0 1740
33775 83.6 17191424
33769 0.0 1740
33775 83.3 17191424
33769 0.0 1740
33775 83.0 17191424
33769 0.0 1740
33775 82.7 17191424
33769 0.0 1740
33775 82.4 17191424
33769 0.0 1740
33775 82.2 17191424
33769 0.0 1740
33775 81.9 17191424
33769 0.0 1740
33775 81.6 17191424
33769 0.0 1740
33775 81.3 17191424
33769 0.0 1740
33775 81.1 17191424
33769 0.0 1740
33775 80.8 17191424
33769 0.0 1740
33775 80.5 17191424
33769 0.0 1740
33775 80.3 17191424
33769 0.0 1740
33775 80.0 17191424
33769 0.0 1740
33775 79.7 17191424
33769 0.0 1740
33775 79.5 17191424
33769 0.0 1740
33775 79.2 17191424
33769 0.0 1740
33775 78.9 17191424
33769 0.0 1740
33775 78.7 17191424
33769 0.0 1740
33775 78.4 17191424
33769 0.0 1740
33775 78.2 17191424
33769 0.0 1740
33775 77.9 17191424
33769 0.0 1740
33775 77.7 17191424
33769 0.0 1740
33775 77.4 17191424
33769 0.0 1740
33775 77.2 17191424
33769 0.0 1740
33775 76.9 17191424
33769 0.0 1740
33775 76.7 17191424
33769 0.0 1740
33775 76.5 17191424
33769 0.0 1740
33775 76.4 17191632
33769 0.0 1740
33775 80.8 9379468
33769 0.0 1740
33775 89.3 9379140
33769 0.0 1740
33775 89.4 9379140
33769 0.0 1740
33775 89.4 17191632
33769 0.0 1740
33775 89.1 17191632
33769 0.0 1740
33775 88.9 17191632
33769 0.0 1740
33775 88.6 17191632
33769 0.0 1740
33775 88.4 17191632
33769 0.0 1740
33775 88.1 17191632
33769 0.0 1740
33775 87.8 17191632
33769 0.0 1740
33775 87.5 17191632
33769 0.0 1740
33775 87.3 17191632
33769 0.0 1740
33775 87.0 17191632
33769 0.0 1740
33775 86.7 17191632
33769 0.0 1740
33775 86.5 17191632
33769 0.0 1740
33775 86.2 17191632
33769 0.0 1740
33775 86.0 17191632
33769 0.0 1740
33775 85.7 17191632
33769 0.0 1740
33775 85.5 17191632
33769 0.0 1740
33775 85.2 17191632
33769 0.0 1740
33775 85.0 17191632
33769 0.0 1740
33775 84.7 17191632
33769 0.0 1740
33775 84.4 17191632
33769 0.0 1740
33775 84.2 17191632
33769 0.0 1740
33775 84.0 17191632
33769 0.0 1740
33775 83.7 17191632
33769 0.0 1740
33775 83.5 17191632
33769 0.0 1740
33775 83.2 17191632
33769 0.0 1740
33775 83.0 17191632
33769 0.0 1740
33775 82.8 17191632
33769 0.0 1740
33775 82.5 17191632
33769 0.0 1740
33775 82.3 17191632
33769 0.0 1740
33775 82.1 17191632
33769 0.0 1740
33775 81.8 17191632
33769 0.0 1740
33775 81.6 17191632
33769 0.0 1740
33775 81.4 17191632
33769 0.0 1740
33775 81.2 17191632
33769 0.0 1740
33775 80.9 17191632
33769 0.0 1740
33775 80.7 17191632
33769 0.0 1740
33775 80.5 17191632
33769 0.0 1740
33775 80.3 17191632
33769 0.0 1740
33775 80.1 17191632
33769 0.0 1740
33775 79.8 17191632
33769 0.0 1740
33775 79.6 17191632
33769 0.0 1740
33775 79.4 17191632
33769 0.0 1740
33775 79.1 17191632
33769 0.0 1740
33775 78.9 17191632
33769 0.0 1740
33775 78.7 17191632
33769 0.0 1740
33775 78.5 17191632
33769 0.0 1740
33775 78.3 17191632
33769 0.0 1740
33775 78.1 17191632
33769 0.0 1740
33775 77.9 17191632
33769 0.0 1740
33775 77.7 17191632
33769 0.0 1740
33775 77.5 17191632
33769 0.0 1740
33775 77.3 17191632
33769 0.0 1740
33775 77.0 17191632
33769 0.0 1740
33775 76.8 17191632
33769 0.0 1740
33775 76.6 17191632
33769 0.0 1740
33775 76.4 17191632
33769 0.0 1740
33775 76.2 17191632
33769 0.0 1740
33775 76.0 17191632
33769 0.0 1740
33775 75.8 17191632
33769 0.0 1740
33775 75.6 17191632
33769 0.0 1740
33775 75.4 17191632
33769 0.0 1740
33775 75.2 17191632
33769 0.0 1740
33775 75.0 17191632
33769 0.0 1740
33775 74.8 17191632
33769 0.0 1740
33775 74.6 17191632
33769 0.0 1740
33775 74.6 17191632
33769 0.0 1740
33775 84.9 9379396
33769 0.0 1740
33775 85.0 9379140
33769 0.0 1740
33775 85.0 14338904
33769 0.0 1740
33775 84.9 17191632
33769 0.0 1740
33775 84.7 17191632
33769 0.0 1740
33775 84.5 17191632
33769 0.0 1740
33775 84.2 17191632
33769 0.0 1740
33775 84.0 17191632
33769 0.0 1740
33775 83.8 17191632
33769 0.0 1740
33775 83.6 17191632
33769 0.0 1740
33775 83.4 17191632
33769 0.0 1740
33775 83.2 17191632
33769 0.0 1740
33775 83.0 17191632
33769 0.0 1740
33775 82.8 17191632
33769 0.0 1740
33775 82.6 17191632
33769 0.0 1740
33775 82.4 17191632
33769 0.0 1740
33775 82.2 17191632
33769 0.0 1740
33775 82.0 17191632
33769 0.0 1740
33775 81.8 17191632
33769 0.0 1740
33775 81.6 17191632
33769 0.0 1740
33775 81.4 17191632
33769 0.0 1740
33775 81.2 17191632
33769 0.0 1740
33775 81.0 17191632
33769 0.0 1740
33775 80.8 17191632
33769 0.0 1740
33775 80.6 17191632
33769 0.0 1740
33775 80.4 17191632
33769 0.0 1740
33775 80.2 17191632
33769 0.0 1740
33775 80.0 17191632
33769 0.0 1740
33775 79.8 17191632
33769 0.0 1740
33775 79.6 17191632
33769 0.0 1740
33775 79.5 17191632
33769 0.0 1740
33775 79.3 17191632
33769 0.0 1740
33775 79.1 17191632
33769 0.0 1740
33775 78.9 17191632
33769 0.0 1740
33775 78.7 17191632
33769 0.0 1740
33775 78.5 17191632
33769 0.0 1740
33775 78.4 17191632
33769 0.0 1740
33775 78.2 17191632
33769 0.0 1740
33775 78.0 17191632
33769 0.0 1740
33775 77.8 17191632
33769 0.0 1740
33775 77.6 17191632
33769 0.0 1740
33775 77.5 17191632
33769 0.0 1740
33775 77.3 17191632
33769 0.0 1740
33775 77.1 17191632
33769 0.0 1740
33775 76.9 17191632
33769 0.0 1740
33775 76.7 17191632
33769 0.0 1740
33775 76.5 17191632
33769 0.0 1740
33775 76.4 17191632
33769 0.0 1740
33775 76.2 17191632
33769 0.0 1740
33775 76.0 17191632
33769 0.0 1740
33775 75.9 17191632
33769 0.0 1740
33775 75.7 17191632
33769 0.0 1740
33775 75.5 17191632
33769 0.0 1740
33775 75.3 17191632
33769 0.0 1740
33775 75.2 17191632
33769 0.0 1740
33775 75.0 17191632
33769 0.0 1740
33775 74.8 17191632
33769 0.0 1740
33775 74.7 17191632
33769 0.0 1740
33775 74.5 17191632
33769 0.0 1740
33775 74.3 17191632
33769 0.0 1740
33775 74.2 17191632
33769 0.0 1740
33775 74.0 17191632
33769 0.0 1740
33775 73.9 17191632
33769 0.0 1740
33775 73.7 17191632
33769 0.0 1740
33775 73.5 17191632
33769 0.0 1740
33775 73.4 17191632
33769 0.0 1740
33775 73.2 17191632
33769 0.0 1740
33775 73.1 17191632
33769 0.0 1740
33775 72.9 17191632
33769 0.0 1740
33775 72.7 17191632
33769 0.0 1740
33775 72.6 17191632
33769 0.0 1740
33775 72.4 17191632
33769 0.0 1740
33775 72.4 17191632
33769 0.0 1740
33775 80.6 9379460
33769 0.0 1740
33775 80.8 9379232
33769 0.0 1740
33775 81.1 9383364
33769 0.0 1740
33775 81.0 9383408
33769 0.0 1740
33775 80.8 9383436
33769 0.0 1740
33775 80.7 9380392
33769 0.0 1740
33775 80.8 9380392
33769 0.0 1740
33775 80.8 9380392
33769 0.0 1740
33775 80.9 9380392
33769 0.0 1740
33775 80.9 9380392
33769 0.0 1740
33775 80.9 9380392
33769 0.0 1740
33775 80.9 9380392
33769 0.0 1740
33775 81.0 9380392
33769 0.0 1740
33775 81.0 9380392
33769 0.0 1740
33775 81.0 9380392
33769 0.0 1740
33775 81.1 9380392
33769 0.0 1740
33775 81.1 9380392
33769 0.0 1740
33775 81.1 9380392
33769 0.0 1740
33775 81.2 9380392
33769 0.0 1740
33775 81.2 9380392
33769 0.0 1740
33775 81.2 9380392
33769 0.0 1740
33775 81.3 9380392
33769 0.0 1740
33775 81.3 9380392
33769 0.0 1740
33775 81.3 9380392
33769 0.0 1740
33775 81.3 9380392
33769 0.0 1740
33775 81.4 9380392
33769 0.0 1740
33775 81.4 9380392
33769 0.0 1740
33775 81.5 9380392
33769 0.0 1740
33775 81.5 9380392
33769 0.0 1740
33775 81.5 9380392
33769 0.0 1740
33775 81.6 9380392
33769 0.0 1740
33775 81.6 9380392
33769 0.0 1740
33775 81.6 9380392
33769 0.0 1740
33775 81.7 9380392
33769 0.0 1740
33775 81.7 9380392
33769 0.0 1740
33775 81.7 9380392
33769 0.0 1740
33775 81.8 9380392
33769 0.0 1740
33775 81.8 9380392
33769 0.0 1740
33775 81.8 9380392
33769 0.0 1740
33775 81.8 9380392
33769 0.0 1740
33775 81.8 9380392
33769 0.0 1740
33775 81.9 9380392
33769 0.0 1740
33775 81.9 9380392
33769 0.0 1740
33775 81.9 9380392
33769 0.0 1740
33775 81.9 9380392
33769 0.0 1740
33775 82.0 9380392
33769 0.0 1740
33775 82.0 9380392
33769 0.0 1740
33775 82.0 9380392
33769 0.0 1740
33775 82.0 9380392
33769 0.0 1740
33775 82.1 9380392
33769 0.0 1740
33775 82.1 9380392
33769 0.0 1740
33775 82.1 9380392
33769 0.0 1740
33775 82.1 9380392
33769 0.0 1740
33775 82.2 9380392
33769 0.0 1740
33775 82.2 9380392
33769 0.0 1740
33775 82.2 9380392
33769 0.0 1740
33775 82.3 9380392
33769 0.0 1740
33775 82.3 9380392
33769 0.0 1740
33775 82.3 9380392
33769 0.0 1740
33775 82.4 9380392
33769 0.0 1740
33775 82.4 9380392
33769 0.0 1740
33775 82.4 9380392
33769 0.0 1740
33775 82.4 9380392
33769 0.0 1740
33775 82.4 9380392
33769 0.0 1740
33775 82.4 9380392
33769 0.0 1740
33775 82.5 9380392
33769 0.0 1740
33775 82.5 9380392
33769 0.0 1740
33775 82.5 9380392
33769 0.0 1740
33775 82.5 9380392
33769 0.0 1740
33775 82.6 9380392
33769 0.0 1740
33775 82.6 9380392
33769 0.0 1740
33775 82.6 9380392
33769 0.0 1740
33775 82.5 9380392
33769 0.0 1740
33775 82.4 9380392
33769 0.0 1740
33775 82.5 9380392
33769 0.0 1740
33775 82.5 9380392
33769 0.0 1740
33775 82.5 9380392
33769 0.0 1740
33775 82.5 9380392
33769 0.0 1740
33775 82.6 9380392
33769 0.0 1740
33775 82.6 9380392
33769 0.0 1740
33775 82.6 9380392
33769 0.0 1740
33775 82.7 9380392
33769 0.0 1740
33775 82.7 9380392
33769 0.0 1740
33775 82.7 9380392
33769 0.0 1740
33775 82.7 9380392
33769 0.0 1740
33775 82.8 9380392
33769 0.0 1740
33775 82.8 9380392
33769 0.0 1740
33775 82.8 9380392
33769 0.0 1740
33775 82.8 9380392
33769 0.0 1740
33775 82.8 9380392
33769 0.0 1740
33775 82.9 9380392
33769 0.0 1740
33775 82.9 9380392
33769 0.0 1740
33775 82.9 9380392
33769 0.0 1740
33775 82.9 9380392
33769 0.0 1740
33775 83.0 9380392
33769 0.0 1740
33775 83.0 9380392
33769 0.0 1740
33775 83.0 9380392
33769 0.0 1740
33775 83.0 9380392
33769 0.0 1740
33775 83.0 9380392
33769 0.0 1740
33775 83.1 9380392
33769 0.0 1740
33775 83.1 9380392
33769 0.0 1740
33775 83.1 9380392
33769 0.0 1740
33775 83.1 9380392
33769 0.0 1740
33775 83.1 9380392
33769 0.0 1740
33775 83.2 9380392
33769 0.0 1740
33775 83.2 9380392
33769 0.0 1740
33775 83.2 9380392
33769 0.0 1740
33775 83.2 9380392
33769 0.0 1740
33775 83.3 9380392
33769 0.0 1740
33775 83.3 9380392
33769 0.0 1740
33775 83.3 9380392
33769 0.0 1740
33775 83.3 9380392
33769 0.0 1740
33775 83.4 9380392
33769 0.0 1740
33775 83.4 9380392
33769 0.0 1740
33775 83.4 9380392
33769 0.0 1740
33775 83.4 9380392
33769 0.0 1740
33775 83.5 9380392
33769 0.0 1740
33775 83.5 9380392
33769 0.0 1740
33775 83.5 9380392
33769 0.0 1740
33775 83.5 9380392
33769 0.0 1740
33775 83.5 9380392
33769 0.0 1740
33775 83.5 9380392
33769 0.0 1740
33775 83.6 9380392
33769 0.0 1740
33775 83.6 9380392
33769 0.0 1740
33775 83.6 9380392
33769 0.0 1740
33775 83.6 9380392
33769 0.0 1740
33775 83.6 9380392
33769 0.0 1740
33775 83.7 9380392
33769 0.0 1740
33775 83.7 9380392
33769 0.0 1740
33775 83.7 9380392
33769 0.0 1740
33775 83.7 9380392
33769 0.0 1740
33775 83.7 9380392
33769 0.0 1740
33775 83.8 9380392
33769 0.0 1740
33775 83.8 9380392
33769 0.0 1740
33775 83.8 9380392
33769 0.0 1740
33775 83.8 9380392
33769 0.0 1740
33775 83.9 9380392
33769 0.0 1740
33775 83.9 9380392
33769 0.0 1740
33775 83.9 9380392
33769 0.0 1740
33775 83.9 9380392
33769 0.0 1740
33775 83.8 9380392
33769 0.0 1740
33775 83.7 9380392
33769 0.0 1740
33775 83.6 9380392
33769 0.0 1740
33775 83.5 9380392
33769 0.0 1740
33775 83.4 9380392
33769 0.0 1740
33775 83.4 9380392
33769 0.0 1740
33775 83.4 9380392
33769 0.0 1740
33775 83.4 9380392
33769 0.0 1740
33775 83.5 9380392
33769 0.0 1740
33775 83.5 9380392
33769 0.0 1740
33775 83.5 9380392
33769 0.0 1740
33775 83.5 9380392
33769 0.0 1740
33775 83.6 9380392
33769 0.0 1740
33775 83.6 9380392
33769 0.0 1740
33775 83.6 9380392
33769 0.0 1740
33775 83.6 9380392
33769 0.0 1740
33775 83.7 9380392
33769 0.0 1740
33775 83.7 9380392
33769 0.0 1740
33775 83.7 9380392
33769 0.0 1740
33775 83.7 9380392
33769 0.0 1740
33775 83.7 9380392
33769 0.0 1740
33775 83.7 9380392
33769 0.0 1740
33775 83.8 9380392
33769 0.0 1740
33775 83.8 9380392
33769 0.0 1740
33775 83.8 9380392
33769 0.0 1740
33775 83.8 9380392
33769 0.0 1740
33775 83.9 9380392
33769 0.0 1740
33775 83.9 9380392
33769 0.0 1740
33775 83.9 9380392
33769 0.0 1740
33775 83.9 9380392
33769 0.0 1740
33775 83.9 9380392
33769 0.0 1740
33775 83.9 9380392
33769 0.0 1740
33775 84.0 9380392
33769 0.0 1740
33775 84.0 9380392
33769 0.0 1740
33775 84.0 9380392
33769 0.0 1740
33775 84.0 9380392
33769 0.0 1740
33775 84.1 9380392
33769 0.0 1740
33775 84.1 9380392
33769 0.0 1740
33775 84.1 9380392
33769 0.0 1740
33775 84.1 9380392
33769 0.0 1740
33775 84.1 9380392
33769 0.0 1740
33775 84.1 9380392
33769 0.0 1740
33775 84.2 9380392
33769 0.0 1740
33775 84.2 9380392
33769 0.0 1740
33775 84.2 9380392
33769 0.0 1740
33775 84.2 9380392
33769 0.0 1740
33775 84.3 9380392
33769 0.0 1740
33775 84.3 9380392
33769 0.0 1740
33775 84.3 9380392
33769 0.0 1740
33775 84.3 9380392
33769 0.0 1740
33775 84.4 9380392
33769 0.0 1740
33775 84.4 9380392
33769 0.0 1740
33775 84.4 9380392
33769 0.0 1740
33775 84.4 9380392
33769 0.0 1740
33775 84.4 9380392
33769 0.0 1740
33775 84.4 9380392
33769 0.0 1740
33775 84.4 9380392
33769 0.0 1740
33775 84.5 9380392
33769 0.0 1740
33775 84.5 9380392
33769 0.0 1740
33775 84.5 9380392
33769 0.0 1740
33775 84.5 9380392
33769 0.0 1740
33775 84.6 9380392
33769 0.0 1740
33775 84.6 9380392
33769 0.0 1740
33775 84.6 9380392
33769 0.0 1740
33775 84.6 9380392
33769 0.0 1740
33775 84.6 9380392
33769 0.0 1740
33775 84.6 9380392
33769 0.0 1740
33775 84.7 9380392
33769 0.0 1740
33775 84.7 9380392
33769 0.0 1740
33775 84.7 9380392
33769 0.0 1740
33775 84.6 9380392
33769 0.0 1740
33775 84.5 9380392
33769 0.0 1740
33775 84.4 9380392
33769 0.0 1740
33775 84.4 9380392
33769 0.0 1740
33775 84.4 9380392
33769 0.0 1740
33775 84.4 9380392
33769 0.0 1740
33775 84.5 9380392
33769 0.0 1740
33775 84.5 9380392
33769 0.0 1740
33775 84.5 9380392
33769 0.0 1740
33775 84.5 9380392
33769 0.0 1740
33775 84.5 9380392
33769 0.0 1740
33775 84.5 9380392
33769 0.0 1740
33775 84.6 9380392
33769 0.0 1740
33775 84.6 9380392
33769 0.0 1740
33775 84.6 9380392
33769 0.0 1740
33775 84.6 9380392
33769 0.0 1740
33775 84.6 9380392
33769 0.0 1740
33775 84.6 9380392
33769 0.0 1740
33775 84.7 9380392
33769 0.0 1740
33775 84.7 9380392
33769 0.0 1740
33775 84.7 9380392
33769 0.0 1740
33775 84.7 9380392
33769 0.0 1740
33775 84.7 9380392
33769 0.0 1740
33775 84.7 9380392
33769 0.0 1740
33775 84.8 9380392
33769 0.0 1740
33775 84.8 9380392
33769 0.0 1740
33775 84.8 9380392
33769 0.0 1740
33775 84.8 9380392
33769 0.0 1740
33775 84.8 9380392
33769 0.0 1740
33775 84.9 9380392
33769 0.0 1740
33775 84.9 9380392
33769 0.0 1740
33775 84.9 9380392
33769 0.0 1740
33775 84.9 9380392
33769 0.0 1740
33775 84.9 9380392
33769 0.0 1740
33775 84.9 9380392
33769 0.0 1740
33775 84.9 9380392
33769 0.0 1740
33775 85.0 9380392
33769 0.0 1740
33775 85.0 9380392
33769 0.0 1740
33775 85.0 9380392
33769 0.0 1740
33775 85.0 9380392
33769 0.0 1740
33775 85.0 9380392
33769 0.0 1740
33775 85.1 9380392
33769 0.0 1740
33775 85.1 9380392
33769 0.0 1740
33775 85.1 9380392
33769 0.0 1740
33775 85.1 9380392
33769 0.0 1740
33775 85.1 9380392
33769 0.0 1740
33775 85.1 9380392
33769 0.0 1740
33775 85.2 9380392
33769 0.0 1740
33775 85.2 9380392
33769 0.0 1740
33775 85.2 9380392
33769 0.0 1740
33775 85.2 9380392
33769 0.0 1740
33775 85.2 9380392
33769 0.0 1740
33775 85.3 9380392
33769 0.0 1740
33775 85.3 9380392
33769 0.0 1740
33775 85.3 9380392
33769 0.0 1740
33775 85.3 9380392
33769 0.0 1740
33775 85.3 9380392
33769 0.0 1740
33775 85.4 9380392
33769 0.0 1740
33775 85.3 9380392
33769 0.0 1740
33775 85.3 9380392
33769 0.0 1740
33775 85.4 9380392
33769 0.0 1740
33775 85.4 9380392
33769 0.0 1740
33775 85.4 9380392
33769 0.0 1740
33775 85.4 9380392
33769 0.0 1740
33775 85.4 9380392
33769 0.0 1740
33775 85.4 9380392
33769 0.0 1740
33775 85.4 9380392
33769 0.0 1740
33775 85.5 9380392
33769 0.0 1740
33775 85.5 9380392
33769 0.0 1740
33775 85.4 9380392
33769 0.0 1740
33775 85.3 9380392
33769 0.0 1740
33775 85.2 9380392
33769 0.0 1740
33775 85.1 9380392
33769 0.0 1740
33775 85.0 9380392
33769 0.0 1740
33775 84.9 9380392
33769 0.0 1740
33775 84.9 9380392
33769 0.0 1740
33775 84.9 9380392
33769 0.0 1740
33775 85.0 9380392
33769 0.0 1740
33775 85.0 9380392
33769 0.0 1740
33775 85.0 9380392
33769 0.0 1740
33775 85.0 9380392
33769 0.0 1740
33775 85.0 9380392
33769 0.0 1740
33775 85.0 9380392
33769 0.0 1740
33775 85.0 9380392
33769 0.0 1740
33775 85.1 9380392
33769 0.0 1740
33775 85.1 9380392
33769 0.0 1740
33775 85.1 9380392
33769 0.0 1740
33775 85.1 9380392
33769 0.0 1740
33775 85.1 9380392
33769 0.0 1740
33775 85.2 9380392
33769 0.0 1740
33775 85.2 9380392
33769 0.0 1740
33775 85.2 9380392
33769 0.0 1740
33775 85.2 9380392
33769 0.0 1740
33775 85.2 9380392
33769 0.0 1740
33775 85.2 9380392
33769 0.0 1740
33775 85.3 9380392
33769 0.0 1740
33775 85.3 9380392
33769 0.0 1740
33775 85.3 9380392
33769 0.0 1740
33775 85.3 9380392
33769 0.0 1740
33775 85.3 9380392
33769 0.0 1740
33775 85.3 9380392
33769 0.0 1740
33775 85.3 9380392
33769 0.0 1740
33775 85.4 9380392
33769 0.0 1740
33775 85.4 9380392
33769 0.0 1740
33775 85.4 9380392
33769 0.0 1740
33775 85.4 9380392
33769 0.0 1740
33775 85.4 9380392
33769 0.0 1740
33775 85.4 9380392
33769 0.0 1740
33775 85.5 9380392
33769 0.0 1740
33775 85.5 9380392
33769 0.0 1740
33775 85.5 9380392
33769 0.0 1740
33775 85.5 9380392
33769 0.0 1740
33775 85.5 9380392
33769 0.0 1740
33775 85.6 9380392
33769 0.0 1740
33775 85.6 9380392
33769 0.0 1740
33775 85.6 9380392
33769 0.0 1740
33775 85.6 9380392
33769 0.0 1740
33775 85.6 9380392
33769 0.0 1740
33775 85.6 9380392
33769 0.0 1740
33775 85.6 9380392
33769 0.0 1740
33775 85.7 9380392
33769 0.0 1740
33775 85.7 9380392
33769 0.0 1740
33775 85.7 9380392
33769 0.0 1740
33775 85.7 9380392
33769 0.0 1740
33775 85.7 9380392
33769 0.0 1740
33775 85.7 9380392
33769 0.0 1740
33775 85.7 9380392
33769 0.0 1740
33775 85.8 9380392
33769 0.0 1740
33775 85.8 9380392
33769 0.0 1740
33775 85.8 9380392
33769 0.0 1740
33775 85.8 9380392
33769 0.0 1740
33775 85.8 9380392
33769 0.0 1740
33775 85.8 9380392
33769 0.0 1740
33775 85.8 9380392
33769 0.0 1740
33775 85.8 9380392
33769 0.0 1740
33775 85.9 9380392
33769 0.0 1740
33775 85.9 9380392
33769 0.0 1740
33775 85.9 9380392
33769 0.0 1740
33775 85.9 9380392
33769 0.0 1740
33775 85.9 9380392
33769 0.0 1740
33775 85.8 9380392
33769 0.0 1740
33775 85.7 9380392
33769 0.0 1740
33775 85.6 9380392
33769 0.0 1740
33775 85.5 9380392
33769 0.0 1740
33775 85.4 9380392
33769 0.0 1740
33775 85.3 9380392
33769 0.0 1740
33775 85.3 9380392
33769 0.0 1740
33775 85.2 9380392
33769 0.0 1740
33775 85.2 9380392
33769 0.0 1740
33775 85.2 9380392
33769 0.0 1740
33775 85.2 9380392
33769 0.0 1740
33775 85.3 9380392
33769 0.0 1740
33775 85.3 9380392
33769 0.0 1740
33775 85.3 9380392
33769 0.0 1740
33775 85.3 9380392
33769 0.0 1740
33775 85.3 9380392
33769 0.0 1740
33775 85.3 9380392
33769 0.0 1740
33775 85.4 9380392
33769 0.0 1740
33775 85.4 9380392
33769 0.0 1740
33775 85.4 9380392
33769 0.0 1740
33775 85.4 9380392
33769 0.0 1740
33775 85.4 9380392
33769 0.0 1740
33775 85.4 9380392
33769 0.0 1740
33775 85.4 9380392
33769 0.0 1740
33775 85.4 9380392
33769 0.0 1740
33775 85.5 9380392
33769 0.0 1740
33775 85.5 9380392
33769 0.0 1740
33775 85.5 9380392
33769 0.0 1740
33775 85.5 9380392
33769 0.0 1740
33775 85.5 9380392
33769 0.0 1740
33775 85.6 9380392
33769 0.0 1740
33775 85.6 9380392
33769 0.0 1740
33775 85.6 9380392
33769 0.0 1740
33775 85.6 9380392
33769 0.0 1740
33775 85.6 9380392
33769 0.0 1740
33775 85.6 9380392
33769 0.0 1740
33775 85.6 9380392
33769 0.0 1740
33775 85.7 9380392
33769 0.0 1740
33775 85.7 9380392
33769 0.0 1740
33775 85.7 9380392
33769 0.0 1740
33775 85.7 9380392
33769 0.0 1740
33775 85.7 9380392
33769 0.0 1740
33775 85.7 9380392
33769 0.0 1740
33775 85.8 9380392
33769 0.0 1740
33775 85.8 9380392
33769 0.0 1740
33775 85.8 9380392
33769 0.0 1740
33775 85.8 9380392
33769 0.0 1740
33775 85.8 9380392
33769 0.0 1740
33775 85.8 9380392
33769 0.0 1740
33775 85.8 9380392
33769 0.0 1740
33775 85.9 9380392
33769 0.0 1740
33775 85.9 9380392
33769 0.0 1740
33775 85.9 9380392
33769 0.0 1740
33775 85.9 9380392
33769 0.0 1740
33775 85.9 9380392
33769 0.0 1740
33775 85.9 9380392
33769 0.0 1740
33775 86.0 9380392
33769 0.0 1740
33775 86.0 9380392
33769 0.0 1740
33775 86.0 9380392
33769 0.0 1740
33775 86.0 9380392
33769 0.0 1740
33775 86.0 9380392
33769 0.0 1740
33775 86.0 9380392
33769 0.0 1740
33775 86.0 9380392
33769 0.0 1740
33775 86.1 9380392
33769 0.0 1740
33775 86.1 9380392
33769 0.0 1740
33775 86.1 9380392
33769 0.0 1740
33775 86.1 9380392
33769 0.0 1740
33775 86.1 9380392
33769 0.0 1740
33775 86.1 9380392
33769 0.0 1740
33775 86.1 9380392
33769 0.0 1740
33775 86.1 9380392
33769 0.0 1740
33775 86.0 9380392
33769 0.0 1740
33775 85.9 9380392
33769 0.0 1740
33775 85.8 9380392
33769 0.0 1740
33775 85.7 9380392
33769 0.0 1740
33775 85.7 9380392
33769 0.0 1740
33775 85.6 9380392
33769 0.0 1740
33775 85.5 9380392
33769 0.0 1740
33775 85.4 9380392
33769 0.0 1740
33775 85.3 9380392
33769 0.0 1740
33775 85.3 9380392
33769 0.0 1740
33775 85.3 9380392
33769 0.0 1740
33775 85.4 9380392
33769 0.0 1740
33775 85.4 9380392
33769 0.0 1740
33775 85.4 9380392
33769 0.0 1740
33775 85.4 9380392
33769 0.0 1740
33775 85.4 9380392
33769 0.0 1740
33775 85.4 9380392
33769 0.0 1740
33775 85.5 9380392
33769 0.0 1740
33775 85.5 9380392
33769 0.0 1740
33775 85.5 9380392
33769 0.0 1740
33775 85.5 9380392
33769 0.0 1740
33775 85.5 9380392
33769 0.0 1740
33775 85.5 9380392
33769 0.0 1740
33775 85.5 9380392
33769 0.0 1740
33775 85.6 9380392
33769 0.0 1740
33775 85.6 9380392
33769 0.0 1740
33775 85.6 9380392
33769 0.0 1740
33775 85.6 9380392
33769 0.0 1740
33775 85.6 9380392
33769 0.0 1740
33775 85.6 9380392
33769 0.0 1740
33775 85.6 9380392
33769 0.0 1740
33775 85.7 9380392
33769 0.0 1740
33775 85.7 9380392
33769 0.0 1740
33775 85.7 9380392
33769 0.0 1740
33775 85.7 9380392
33769 0.0 1740
33775 85.7 9380392
33769 0.0 1740
33775 85.7 9380392
33769 0.0 1740
33775 85.7 9380392
33769 0.0 1740
33775 85.7 9380392
33769 0.0 1740
33775 85.8 9380392
33769 0.0 1740
33775 85.8 9380392
33769 0.0 1740
33775 85.8 9380392
33769 0.0 1740
33775 85.8 9380392
33769 0.0 1740
33775 85.8 9380392
33769 0.0 1740
33775 85.8 9380392
33769 0.0 1740
33775 85.8 9380392
33769 0.0 1740
33775 85.9 9380392
33769 0.0 1740
33775 85.9 9380392
33769 0.0 1740
33775 85.9 9380392
33769 0.0 1740
33775 85.9 9380392
33769 0.0 1740
33775 85.9 9380392
33769 0.0 1740
33775 85.9 9380392
33769 0.0 1740
33775 85.9 9380392
33769 0.0 1740
33775 86.0 9380392
33769 0.0 1740
33775 86.0 9380392
33769 0.0 1740
33775 86.0 9380392
33769 0.0 1740
33775 86.0 9380392
33769 0.0 1740
33775 86.0 9380392
33769 0.0 1740
33775 86.0 9380392
33769 0.0 1740
33775 86.0 9380392
33769 0.0 1740
33775 86.0 9380392
33769 0.0 1740
33775 86.1 9380392
33769 0.0 1740
33775 86.1 9380392
33769 0.0 1740
33775 86.1 9380392
33769 0.0 1740
33775 86.1 9380392
33769 0.0 1740
33775 86.1 9380392
33769 0.0 1740
33775 86.1 9380392
33769 0.0 1740
33775 86.1 9380392
33769 0.0 1740
33775 86.2 9380392
33769 0.0 1740
33775 86.2 9380392
33769 0.0 1740
33775 86.2 9380392
33769 0.0 1740
33775 86.2 9380392
33769 0.0 1740
33775 86.1 9380392
33769 0.0 1740
33775 86.1 9380392
33769 0.0 1740
33775 86.0 9380392
33769 0.0 1740
33775 85.9 9380392
33769 0.0 1740
33775 85.8 9380392
33769 0.0 1740
33775 85.8 9380392
33769 0.0 1740
33775 85.7 9380392
33769 0.0 1740
33775 85.6 9380392
33769 0.0 1740
33775 85.5 9380392
33769 0.0 1740
33775 85.4 9380392
33769 0.0 1740
33775 85.4 9380392
33769 0.0 1740
33775 85.3 9380392
33769 0.0 1740
33775 85.3 9380392
33769 0.0 1740
33775 85.3 9380392
33769 0.0 1740
33775 85.3 9380392
33769 0.0 1740
33775 85.3 9380392
33769 0.0 1740
33775 85.3 9380392
33769 0.0 1740
33775 85.3 9380392
33769 0.0 1740
33775 85.3 9380392
33769 0.0 1740
33775 85.4 9380392
33769 0.0 1740
33775 85.4 9380392
33769 0.0 1740
33775 85.4 9380392
33769 0.0 1740
33775 85.4 9380392
33769 0.0 1740
33775 85.4 9380392
33769 0.0 1740
33775 85.4 9380392
33769 0.0 1740
33775 85.4 9380392
33769 0.0 1740
33775 85.5 9380392
33769 0.0 1740
33775 85.5 9380392
33769 0.0 1740
33775 85.5 9380392
33769 0.0 1740
33775 85.5 9380392
33769 0.0 1740
33775 85.5 9380392
33769 0.0 1740
33775 85.5 9380392
33769 0.0 1740
33775 85.6 9380392
33769 0.0 1740
33775 85.6 9380392
33769 0.0 1740
33775 85.6 9380392
33769 0.0 1740
33775 85.6 9380392
33769 0.0 1740
33775 85.6 9380392
33769 0.0 1740
33775 85.6 9380392
33769 0.0 1740
33775 85.6 9380392
33769 0.0 1740
33775 85.7 9380392
33769 0.0 1740
33775 85.7 9380392
33769 0.0 1740
33775 85.7 9380392
33769 0.0 1740
33775 85.7 9380392
33769 0.0 1740
33775 85.7 9380392
33769 0.0 1740
33775 85.7 9380392
33769 0.0 1740
33775 85.7 9380392
33769 0.0 1740
33775 85.8 9380392
33769 0.0 1740
33775 85.8 9380392
33769 0.0 1740
33775 85.8 9380392
33769 0.0 1740
33775 85.8 9380392
33769 0.0 1740
33775 85.8 9380392
33769 0.0 1740
33775 85.8 9380392
33769 0.0 1740
33775 85.8 9380392
33769 0.0 1740
33775 85.8 9380392
33769 0.0 1740
33775 85.9 9380392
33769 0.0 1740
33775 85.9 9380392
33769 0.0 1740
33775 85.9 9380392
33769 0.0 1740
33775 85.9 9380392
33769 0.0 1740
33775 85.9 9380392
33769 0.0 1740
33775 85.9 9380392
33769 0.0 1740
33775 85.9 9380392
33769 0.0 1740
33775 86.0 9380392
33769 0.0 1740
33775 86.0 9380392
33769 0.0 1740
33775 86.0 9380392
33769 0.0 1740
33775 86.0 9380392
33769 0.0 1740
33775 86.0 9380392
33769 0.0 1740
33775 86.0 9380392
33769 0.0 1740
33775 86.0 9380392
33769 0.0 1740
33775 86.1 9380392
33769 0.0 1740
33775 86.1 9380392
33769 0.0 1740
33775 86.1 9380392
33769 0.0 1740
33775 86.1 9380392
33769 0.0 1740
33775 86.1 9380392
33769 0.0 1740
33775 86.1 9380392
33769 0.0 1740
33775 86.1 9380392
33769 0.0 1740
33775 86.2 9380392
33769 0.0 1740
33775 86.2 9380392
33769 0.0 1740
33775 86.1 9380392
33769 0.0 1740
33775 86.1 9380392
33769 0.0 1740
33775 86.0 9380392
33769 0.0 1740
33775 85.9 9380392
33769 0.0 1740
33775 85.9 9380392
33769 0.0 1740
33775 85.8 9380392
33769 0.0 1740
33775 85.7 9380392
33769 0.0 1740
33775 85.6 9380392
33769 0.0 1740
33775 85.6 9380392
33769 0.0 1740
33775 85.5 9380392
33769 0.0 1740
33775 85.4 9380392
33769 0.0 1740
33775 85.5 9380392
33769 0.0 1740
33775 85.5 9380392
33769 0.0 1740
33775 85.5 9380392
33769 0.0 1740
33775 85.5 9380392
33769 0.0 1740
33775 85.5 9380392
33769 0.0 1740
33775 85.5 9380392
33769 0.0 1740
33775 85.5 9380392
33769 0.0 1740
33775 85.6 9380392
33769 0.0 1740
33775 85.6 9380392
33769 0.0 1740
33775 85.6 9380392
33769 0.0 1740
33775 85.6 9380392
33769 0.0 1740
33775 85.6 9380392
33769 0.0 1740
33775 85.6 9380392
33769 0.0 1740
33775 85.6 9380392
33769 0.0 1740
33775 85.7 9380392
33769 0.0 1740
33775 85.7 9380392
33769 0.0 1740
33775 85.7 9380392
33769 0.0 1740
33775 85.7 9380392
33769 0.0 1740
33775 85.7 9380392
33769 0.0 1740
33775 85.7 9380392
33769 0.0 1740
33775 85.7 9380392
33769 0.0 1740
33775 85.7 9380392
33769 0.0 1740
33775 85.8 9380392
33769 0.0 1740
33775 85.8 9380392
33769 0.0 1740
33775 85.8 9380392
33769 0.0 1740
33775 85.8 9380392
33769 0.0 1740
33775 85.8 9380392
33769 0.0 1740
33775 85.8 9380392
33769 0.0 1740
33775 85.8 9380392
33769 0.0 1740
33775 85.8 9380392
33769 0.0 1740
33775 85.9 9380392
33769 0.0 1740
33775 85.9 9380392
33769 0.0 1740
33775 85.9 9380392
33769 0.0 1740
33775 85.9 9380392
33769 0.0 1740
33775 85.9 9380392
33769 0.0 1740
33775 85.9 9380392
33769 0.0 1740
33775 85.9 9380392
33769 0.0 1740
33775 85.9 9380392
33769 0.0 1740
33775 86.33769 0.0 1740
33775 86.2 9380392
33769 0.0 1740
33769 0.0 1740
33769 0.0 1740
33769 0.0 1740
33769 0.0 1740
33769 0.0 1740
33769 0.0 1740
33769 0.0 1740
33769 0.0 1740
33769 0.0 1740
33769 0.0 1740
33769 0.0 1740
33769 0.0 1740
33769 0.0 1740
33769 0.0 1740
33769 0.0 1740
33769 0.0 1740
33769 0.0 1740
33769 0.0 1740
33769 0.0 1740
33769 0.0 1740
33769 0.0 1740
33769 0.0 1740
33769 0.0 1740
33769 0.0 1740
33769 0.0 1740
33769 0.0 1740
33769 0.0 1740
33769 0.0 1740
33769 0.0 1740
33769 0.0 1740
33769 0.0 1740
33769 0.0 1740
33769 0.0 1740
33769 0.0 1740
33769 0.0 1740
33769 0.0 1740
33769 0.0 1740
33769 0.0 1740
33769 0.0 1740
2332 0.0 860
2336 0.0 84
2332 0.0 860
2338 91.4 7093112
2332 0.0 1748
2338 96.0 16429732
2332 0.0 1748
2338 69.6 17190796
2332 0.0 1748
2338 54.6 17190796
2332 0.0 1748
2338 45.6 17190796
2332 0.0 1748
2338 39.6 17190796
2332 0.0 1748
2338 35.3 17190796
2332 0.0 1748
2338 32.1 17190796
2332 0.0 1748
2338 29.5 17190796
2332 0.0 1748
2338 27.6 17190796
2332 0.0 1748
2338 25.9 17190796
2332 0.0 1748
2338 24.6 17190796
2332 0.0 1748
2338 23.4 17190796
2332 0.0 1748
2338 22.6 17190796
2332 0.0 1748
2338 21.2 17190796
2332 0.0 1748
2338 22.4 17190796
2332 0.0 1748
2338 256 9379016
2332 0.0 1748
2338 269 8753936
2332 0.0 1748
2338 260 10177932
2332 0.0 1748
2338 251 17191092
2332 0.0 1748
2338 239 17191092
2332 0.0 1748
2338 229 17191092
2332 0.0 1748
2338 219 17191092
2332 0.0 1748
2338 210 17191092
2332 0.0 1748
2338 202 17191092
2332 0.0 1748
2338 194 17191092
2332 0.0 1748
2338 187 17191092
2332 0.0 1748
2338 181 17191092
2332 0.0 1748
2338 174 17191092
2332 0.0 1748
2338 169 17191092
2332 0.0 1748
2338 163 17191092
2332 0.0 1748
2338 158 17191092
2332 0.0 1748
2338 154 17191092
2332 0.0 1748
2338 149 17191092
2332 0.0 1748
2338 145 17191092
2332 0.0 1748
2338 141 17191092
2332 0.0 1748
2338 137 17191092
2332 0.0 1748
2338 134 17191092
2332 0.0 1748
2338 130 17191092
2332 0.0 1748
2338 126 17191092
2332 0.0 1748
2338 123 17191092
2332 0.0 1748
2338 121 17191092
2332 0.0 1748
2338 118 17191092
2332 0.0 1748
2338 115 17191092
2332 0.0 1748
2338 113 17191092
2332 0.0 1748
2338 110 17191092
2332 0.0 1748
2338 108 17191092
2332 0.0 1748
2338 106 17191092
2332 0.0 1748
2338 104 17191092
2332 0.0 1748
2338 102 17191092
2332 0.0 1748
2338 100 17191092
2332 0.0 1748
2338 98.3 17191092
2332 0.0 1748
2338 96.5 17191092
2332 0.0 1748
2338 94.7 17191092
2332 0.0 1748
2338 93.1 17191092
2332 0.0 1748
2338 91.4 17191092
2332 0.0 1748
2338 89.6 17191092
2332 0.0 1748
2338 88.1 17191092
2332 0.0 1748
2338 86.6 17191092
2332 0.0 1748
2338 85.2 17191092
2332 0.0 1748
2338 83.9 17191092
2332 0.0 1748
2338 82.5 17191092
2332 0.0 1748
2338 81.3 17191092
2332 0.0 1748
2338 80.1 17191092
2332 0.0 1748
2338 79.0 17191092
2332 0.0 1748
2338 77.9 17191092
2332 0.0 1748
2338 76.8 17191092
2332 0.0 1748
2338 76.2 17191300
2332 0.0 1748
2338 87.8 9379236
2332 0.0 1748
2338 133 9378940
2332 0.0 1748
2338 132 9378940
2332 0.0 1748
2338 132 11621876
2332 0.0 1748
2338 131 17191432
2332 0.0 1748
2338 129 17191432
2332 0.0 1748
2338 127 17191432
2332 0.0 1748
2338 126 17191432
2332 0.0 1748
2338 124 17191432
2332 0.0 1748
2338 123 17191432
2332 0.0 1748
2338 121 17191432
2332 0.0 1748
2338 120 17191432
2332 0.0 1748
2338 118 17191432
2332 0.0 1748
2338 117 17191432
2332 0.0 1748
2338 115 17191432
2332 0.0 1748
2338 114 17191432
2332 0.0 1748
2338 113 17191432
2332 0.0 1748
2338 111 17191432
2332 0.0 1748
2338 110 17191432
2332 0.0 1748
2338 109 17191432
2332 0.0 1748
2338 108 17191432
2332 0.0 1748
2338 106 17191432
2332 0.0 1748
2338 105 17191432
2332 0.0 1748
2338 104 17191432
2332 0.0 1748
2338 103 17191432
2332 0.0 1748
2338 102 17191432
2332 0.0 1748
2338 101 17191432
2332 0.0 1748
2338 100 17191432
2332 0.0 1748
2338 99.3 17191432
2332 0.0 1748
2338 98.3 17191432
2332 0.0 1748
2338 97.3 17191432
2332 0.0 1748
2338 96.4 17191432
2332 0.0 1748
2338 95.5 17191432
2332 0.0 1748
2338 94.5 17191432
2332 0.0 1748
2338 93.6 17191432
2332 0.0 1748
2338 92.8 17191432
2332 0.0 1748
2338 91.9 17191432
2332 0.0 1748
2338 90.9 17191432
2332 0.0 1748
2338 90.1 17191432
2332 0.0 1748
2338 89.2 17191432
2332 0.0 1748
2338 88.4 17191432
2332 0.0 1748
2338 87.7 17191432
2332 0.0 1748
2338 86.9 17191432
2332 0.0 1748
2338 86.1 17191432
2332 0.0 1748
2338 85.4 17191432
2332 0.0 1748
2338 84.7 17191432
2332 0.0 1748
2338 84.0 17191432
2332 0.0 1748
2338 83.3 17191432
2332 0.0 1748
2338 83.5 17191432
2332 0.0 1748
2338 108 9379088
2332 0.0 1748
2338 120 9378940
2332 0.0 1748
2338 120 9378940
2332 0.0 1748
2338 119 17191432
2332 0.0 1748
2338 118 17191432
2332 0.0 1748
2338 117 17191432
2332 0.0 1748
2338 116 17191432
2332 0.0 1748
2338 115 17191432
2332 0.0 1748
2338 115 17191432
2332 0.0 1748
2338 114 17191432
2332 0.0 1748
2338 113 17191432
2332 0.0 1748
2338 112 17191432
2332 0.0 1748
2338 111 17191432
2332 0.0 1748
2338 110 17191432
2332 0.0 1748
2338 109 17191432
2332 0.0 1748
2338 109 17191432
2332 0.0 1748
2338 108 17191432
2332 0.0 1748
2338 107 17191432
2332 0.0 1748
2338 106 17191432
2332 0.0 1748
2338 105 17191432
2332 0.0 1748
2338 105 17191432
2332 0.0 1748
2338 104 17191432
2332 0.0 1748
2338 103 17191432
2332 0.0 1748
2338 103 17191432
2332 0.0 1748
2338 102 17191432
2332 0.0 1748
2338 101 17191432
2332 0.0 1748
2338 100 17191432
2332 0.0 1748
2338 100 17191432
2332 0.0 1748
2338 99.7 17191432
2332 0.0 1748
2338 99.1 17191432
2332 0.0 1748
2338 98.5 17191432
2332 0.0 1748
2338 97.9 17191432
2332 0.0 1748
2338 97.2 17191432
2332 0.0 1748
2338 96.6 17191432
2332 0.0 1748
2338 96.0 17191432
2332 0.0 1748
2338 95.4 17191432
2332 0.0 1748
2338 94.8 17191432
2332 0.0 1748
2338 94.2 17191432
2332 0.0 1748
2338 93.6 17191432
2332 0.0 1748
2338 93.0 17191432
2332 0.0 1748
2338 92.4 17191432
2332 0.0 1748
2338 91.9 17191432
2332 0.0 1748
2338 91.3 17191432
2332 0.0 1748
2338 90.7 17191432
2332 0.0 1748
2338 90.2 17191432
2332 0.0 1748
2338 89.7 17191432
2332 0.0 1748
2338 89.2 17191432
2332 0.0 1748
2338 95.9 9379212
2332 0.0 1748
2338 113 9378940
2332 0.0 1748
2338 113 9378940
2332 0.0 1748
2338 113 9378940
2332 0.0 1748
2338 113 17191432
2332 0.0 1748
2338 112 17191432
2332 0.0 1748
2338 111 17191432
2332 0.0 1748
2338 111 17191432
2332 0.0 1748
2338 110 17191432
2332 0.0 1748
2338 109 17191432
2332 0.0 1748
2338 109 17191432
2332 0.0 1748
2338 108 17191432
2332 0.0 1748
2338 108 17191432
2332 0.0 1748
2338 107 17191432
2332 0.0 1748
2338 106 17191432
2332 0.0 1748
2338 106 17191432
2332 0.0 1748
2338 105 17191432
2332 0.0 1748
2338 105 17191432
2332 0.0 1748
2338 104 17191432
2332 0.0 1748
2338 104 17191432
2332 0.0 1748
2338 103 17191432
2332 0.0 1748
2338 103 17191432
2332 0.0 1748
2338 102 17191432
2332 0.0 1748
2338 101 17191432
2332 0.0 1748
2338 101 17191432
2332 0.0 1748
2338 100 17191432
2332 0.0 1748
2338 100 17191432
2332 0.0 1748
2338 99.7 17191432
2332 0.0 1748
2338 99.2 17191432
2332 0.0 1748
2338 98.7 17191432
2332 0.0 1748
2338 98.2 17191432
2332 0.0 1748
2338 97.8 17191432
2332 0.0 1748
2338 97.3 17191432
2332 0.0 1748
2338 96.8 17191432
2332 0.0 1748
2338 96.3 17191432
2332 0.0 1748
2338 95.8 17191432
2332 0.0 1748
2338 95.4 17191432
2332 0.0 1748
2338 94.9 17191432
2332 0.0 1748
2338 94.5 17191432
2332 0.0 1748
2338 94.0 17191432
2332 0.0 1748
2338 93.6 17191432
2332 0.0 1748
2338 93.1 17191432
2332 0.0 1748
2338 92.7 17191432
2332 0.0 1748
2338 92.2 17191432
2332 0.0 1748
2338 91.8 17191432
2332 0.0 1748
2338 91.4 17191432
2332 0.0 1748
2338 91.0 17191432
2332 0.0 1748
2338 90.5 17191432
2332 0.0 1748
2338 90.1 17191432
2332 0.0 1748
2338 89.7 17191432
2332 0.0 1748
2338 89.3 17191432
2332 0.0 1748
2338 88.9 17191432
2332 0.0 1748
2338 88.5 17191432
2332 0.0 1748
2338 88.1 17191432
2332 0.0 1748
2338 87.9 17191432
2332 0.0 1748
2338 87.9 17191432
2332 0.0 1748
2338 106 9379084
2332 0.0 1748
2338 107 9378940
2332 0.0 1748
2338 107 10064808
2332 0.0 1748
2338 107 17191432
2332 0.0 1748
2338 107 17191432
2332 0.0 1748
2338 106 17191432
2332 0.0 1748
2338 106 17191432
2332 0.0 1748
2338 105 17191432
2332 0.0 1748
2338 105 17191432
2332 0.0 1748
2338 104 17191432
2332 0.0 1748
2338 104 17191432
2332 0.0 1748
2338 104 17191432
2332 0.0 1748
2338 103 17191432
2332 0.0 1748
2338 103 17191432
2332 0.0 1748
2338 102 17191432
2332 0.0 1748
2338 102 17191432
2332 0.0 1748
2338 101 17191432
2332 0.0 1748
2338 101 17191432
2332 0.0 1748
2338 101 17191432
2332 0.0 1748
2338 100 17191432
2332 0.0 1748
2338 100 17191432
2332 0.0 1748
2338 99.8 17191432
2332 0.0 1748
2338 99.4 17191432
2332 0.0 1748
2338 99.0 17191432
2332 0.0 1748
2338 98.6 17191432
2332 0.0 1748
2338 98.2 17191432
2332 0.0 1748
2338 97.8 17191432
2332 0.0 1748
2338 97.4 17191432
2332 0.0 1748
2338 97.1 17191432
2332 0.0 1748
2338 96.7 17191432
2332 0.0 1748
2338 96.3 17191432
2332 0.0 1748
2338 95.9 17191432
2332 0.0 1748
2338 95.6 17191432
2332 0.0 1748
2338 95.2 17191432
2332 0.0 1748
2338 94.8 17191432
2332 0.0 1748
2338 94.5 17191432
2332 0.0 1748
2338 94.1 17191432
2332 0.0 1748
2338 93.8 17191432
2332 0.0 1748
2338 93.4 17191432
2332 0.0 1748
2338 93.0 17191432
2332 0.0 1748
2338 92.7 17191432
2332 0.0 1748
2338 92.3 17191432
2332 0.0 1748
2338 92.0 17191432
2332 0.0 1748
2338 91.6 17191432
2332 0.0 1748
2338 91.3 17191432
2332 0.0 1748
2338 91.0 17191432
2332 0.0 1748
2338 90.6 17191432
2332 0.0 1748
2338 90.3 17191432
2332 0.0 1748
2338 90.0 17191432
2332 0.0 1748
2338 89.7 17191432
2332 0.0 1748
2338 89.3 17191432
2332 0.0 1748
2338 90.9 9379124
2332 0.0 1748
2338 104 9378940
2332 0.0 1748
2338 104 9378940
2332 0.0 1748
2338 104 12087044
2332 0.0 1748
2338 104 17191432
2332 0.0 1748
2338 104 17191432
2332 0.0 1748
2338 103 17191432
2332 0.0 1748
2338 103 17191432
2332 0.0 1748
2338 102 17191432
2332 0.0 1748
2338 102 17191432
2332 0.0 1748
2338 102 17191432
2332 0.0 1748
2338 101 17191432
2332 0.0 1748
2338 101 17191432
2332 0.0 1748
2338 101 17191432
2332 0.0 1748
2338 100 17191432
2332 0.0 1748
2338 100 17191432
2332 0.0 1748
2338 100 17191432
2332 0.0 1748
2338 99.7 17191432
2332 0.0 1748
2338 99.4 17191432
2332 0.0 1748
2338 99.0 17191432
2332 0.0 1748
2338 98.7 17191432
2332 0.0 1748
2338 98.4 17191432
2332 0.0 1748
2338 98.1 17191432
2332 0.0 1748
2338 97.7 17191432
2332 0.0 1748
2338 97.4 17191432
2332 0.0 1748
2338 97.2 17191432
2332 0.0 1748
2338 96.9 17191432
2332 0.0 1748
2338 96.6 17191432
2332 0.0 1748
2338 96.3 17191432
2332 0.0 1748
2338 96.0 17191432
2332 0.0 1748
2338 95.7 17191432
2332 0.0 1748
2338 95.4 17191432
2332 0.0 1748
2338 95.0 17191432
2332 0.0 1748
2338 94.7 17191432
2332 0.0 1748
2338 94.4 17191432
2332 0.0 1748
2338 94.1 17191432
2332 0.0 1748
2338 93.8 17191432
2332 0.0 1748
2338 93.6 17191432
2332 0.0 1748
2338 93.3 17191432
2332 0.0 1748
2338 93.0 17191432
2332 0.0 1748
2338 92.7 17191432
2332 0.0 1748
2338 92.4 17191432
2332 0.0 1748
2338 92.1 17191432
2332 0.0 1748
2338 91.8 17191432
2332 0.0 1748
2338 91.5 17191432
2332 0.0 1748
2338 91.3 17191432
2332 0.0 1748
2338 90.9 17191432
2332 0.0 1748
2338 90.6 17191432
2332 0.0 1748
2338 90.4 17191432
2332 0.0 1748
2338 90.1 17191432
2332 0.0 1748
2338 89.8 17191432
2332 0.0 1748
2338 89.6 17191432
2332 0.0 1748
2338 89.3 17191432
2332 0.0 1748
2338 89.0 17191432
2332 0.0 1748
2338 92.4 9379180
2332 0.0 1748
2338 101 9378940
2332 0.0 1748
2338 101 9378940
2332 0.0 1748
2338 101 13878548
2332 0.0 1748
2338 101 17191220
2332 0.0 1748
2338 101 17191220
2332 0.0 1748
2338 101 17191220
2332 0.0 1748
2338 100 17191220
2332 0.0 1748
2338 100 17191220
2332 0.0 1748
2338 100 17191220
2332 0.0 1748
2338 99.8 17191220
2332 0.0 1748
2338 99.5 17191220
2332 0.0 1748
2338 99.2 17191220
2332 0.0 1748
2338 98.8 17191220
2332 0.0 1748
2338 98.5 17191220
2332 0.0 1748
2338 98.2 17191220
2332 0.0 1748
2338 97.9 17191220
2332 0.0 1748
2338 97.6 17191220
2332 0.0 1748
2338 97.3 17191220
2332 0.0 1748
2338 97.0 17191220
2332 0.0 1748
2338 96.8 17191220
2332 0.0 1748
2338 96.5 17191220
2332 0.0 1748
2338 96.2 17191220
2332 0.0 1748
2338 95.9 17191220
2332 0.0 1748
2338 95.7 17191220
2332 0.0 1748
2338 95.4 17191220
2332 0.0 1748
2338 95.1 17191220
2332 0.0 1748
2338 94.9 17191220
2332 0.0 1748
2338 94.6 17191220
2332 0.0 1748
2338 94.4 17191220
2332 0.0 1748
2338 94.1 17191220
2332 0.0 1748
2338 93.8 17191220
2332 0.0 1748
2338 93.5 17191220
2332 0.0 1748
2338 93.3 17191220
2332 0.0 1748
2338 93.0 17191220
2332 0.0 1748
2338 92.8 17191220
2332 0.0 1748
2338 92.5 17191220
2332 0.0 1748
2338 92.3 17191220
2332 0.0 1748
2338 92.0 17191220
2332 0.0 1748
2338 91.8 17191220
2332 0.0 1748
2338 91.5 17191220
2332 0.0 1748
2338 91.3 17191220
2332 0.0 1748
2338 91.1 17191220
2332 0.0 1748
2338 90.8 17191220
2332 0.0 1748
2338 90.6 17191220
2332 0.0 1748
2338 90.3 17191220
2332 0.0 1748
2338 90.1 17191220
2332 0.0 1748
2338 89.9 17191220
2332 0.0 1748
2338 89.6 17191220
2332 0.0 1748
2338 89.4 17191220
2332 0.0 1748
2338 89.2 17191220
2332 0.0 1748
2338 88.9 17191220
2332 0.0 1748
2338 88.7 17191220
2332 0.0 1748
2338 88.5 17191220
2332 0.0 1748
2338 88.2 17191220
2332 0.0 1748
2338 88.0 17191220
2332 0.0 1748
2338 87.8 17191220
2332 0.0 1748
2338 87.5 17191220
2332 0.0 1748
2338 87.5 17191432
2332 0.0 1748
2338 95.4 9379072
2332 0.0 1748
2338 97.8 9378940
2332 0.0 1748
2338 98.2 9382904
2332 0.0 1748
2338 97.9 9382920
2332 0.0 1748
2338 97.7 9382936
2332 0.0 1748
2338 97.4 9382948
2332 0.0 1748
2338 97.2 9382956
2332 0.0 1748
2338 97.0 9379732
2332 0.0 1748
2338 97.0 9379732
2332 0.0 1748
2338 97.0 9379732
2332 0.0 1748
2338 97.0 9379732
2332 0.0 1748
2338 97.0 9379732
2332 0.0 1748
2338 96.9 9379732
2332 0.0 1748
2338 96.9 9379732
2332 0.0 1748
2338 96.9 9379732
2332 0.0 1748
2338 96.9 9379732
2332 0.0 1748
2338 96.9 9379732
2332 0.0 1748
2338 96.9 9379732
2332 0.0 1748
2338 96.9 9379732
2332 0.0 1748
2338 96.9 9379732
2332 0.0 1748
2338 96.9 9379732
2332 0.0 1748
2338 96.9 9379732
2332 0.0 1748
2338 96.9 9379732
2332 0.0 1748
2338 96.9 9379732
2332 0.0 1748
2338 96.9 9379732
2332 0.0 1748
2338 96.9 9379732
2332 0.0 1748
2338 96.9 9379732
2332 0.0 1748
2338 96.9 9379732
2332 0.0 1748
2338 96.8 9379732
2332 0.0 1748
2338 96.8 9379732
2332 0.0 1748
2338 96.8 9379732
2332 0.0 1748
2338 96.8 9379732
2332 0.0 1748
2338 96.8 9379732
2332 0.0 1748
2338 96.8 9379732
2332 0.0 1748
2338 96.8 9379732
2332 0.0 1748
2338 96.7 9379732
2332 0.0 1748
2338 96.7 9379732
2332 0.0 1748
2338 96.7 9379732
2332 0.0 1748
2338 96.7 9379732
2332 0.0 1748
2338 96.7 9379732
2332 0.0 1748
2338 96.7 9379732
2332 0.0 1748
2338 96.7 9379732
2332 0.0 1748
2338 96.7 9379732
2332 0.0 1748
2338 96.7 9379732
2332 0.0 1748
2338 96.7 9379732
2332 0.0 1748
2338 96.7 9379732
2332 0.0 1748
2338 96.7 9379732
2332 0.0 1748
2338 96.7 9379732
2332 0.0 1748
2338 96.7 9379732
2332 0.0 1748
2338 96.7 9379732
2332 0.0 1748
2338 96.7 9379732
2332 0.0 1748
2338 96.7 9379732
2332 0.0 1748
2338 96.7 9379732
2332 0.0 1748
2338 96.7 9379732
2332 0.0 1748
2338 96.7 9379732
2332 0.0 1748
2338 96.7 9379732
2332 0.0 1748
2338 96.7 9379732
2332 0.0 1748
2338 96.7 9379732
2332 0.0 1748
2338 96.7 9379732
2332 0.0 1748
2338 96.7 9379732
2332 0.0 1748
2338 96.7 9379732
2332 0.0 1748
2338 96.7 9379732
2332 0.0 1748
2338 96.7 9379732
2332 0.0 1748
2338 96.7 9379732
2332 0.0 1748
2338 96.7 9379732
2332 0.0 1748
2338 96.7 9379732
2332 0.0 1748
2338 96.7 9379732
2332 0.0 1748
2338 96.7 9379732
2332 0.0 1748
2338 96.7 9379732
2332 0.0 1748
2338 96.7 9379732
2332 0.0 1748
2338 96.7 9379732
2332 0.0 1748
2338 96.7 9379732
2332 0.0 1748
2338 96.6 9379732
2332 0.0 1748
2338 96.6 9379732
2332 0.0 1748
2338 96.6 9379732
2332 0.0 1748
2338 96.5 9379732
2332 0.0 1748
2338 96.4 9379732
2332 0.0 1748
2338 96.4 9379732
2332 0.0 1748
2338 96.4 9379732
2332 0.0 1748
2338 96.4 9379732
2332 0.0 1748
2338 96.4 9379732
2332 0.0 1748
2338 96.4 9379732
2332 0.0 1748
2338 96.4 9379732
2332 0.0 1748
2338 96.4 9379732
2332 0.0 1748
2338 96.4 9379732
2332 0.0 1748
2338 96.4 9379732
2332 0.0 1748
2338 96.4 9379732
2332 0.0 1748
2338 96.4 9379732
2332 0.0 1748
2338 96.4 9379732
2332 0.0 1748
2338 96.4 9379732
2332 0.0 1748
2338 96.4 9379732
2332 0.0 1748
2338 96.4 9379732
2332 0.0 1748
2338 96.4 9379732
2332 0.0 1748
2338 96.4 9379732
2332 0.0 1748
2338 96.4 9379732
2332 0.0 1748
2338 96.4 9379732
2332 0.0 1748
2338 96.4 9379732
2332 0.0 1748
2338 96.4 9379732
2332 0.0 1748
2338 96.4 9379732
2332 0.0 1748
2338 96.4 9379732
2332 0.0 1748
2338 96.4 9379732
2332 0.0 1748
2338 96.4 9379732
2332 0.0 1748
2338 96.4 9379732
2332 0.0 1748
2338 96.4 9379732
2332 0.0 1748
2338 96.4 9379732
2332 0.0 1748
2338 96.4 9379732
2332 0.0 1748
2338 96.4 9379732
2332 0.0 1748
2338 96.4 9379732
2332 0.0 1748
2338 96.4 9379732
2332 0.0 1748
2338 96.4 9379732
2332 0.0 1748
2338 96.4 9379732
2332 0.0 1748
2338 96.4 9379732
2332 0.0 1748
2338 96.4 9379732
2332 0.0 1748
2338 96.4 9379732
2332 0.0 1748
2338 96.4 9379732
2332 0.0 1748
2338 96.4 9379732
2332 0.0 1748
2338 96.4 9379732
2332 0.0 1748
2338 96.4 9379732
2332 0.0 1748
2338 96.4 9379732
2332 0.0 1748
2338 96.4 9379732
2332 0.0 1748
2338 96.5 9379732
2332 0.0 1748
2338 96.5 9379732
2332 0.0 1748
2338 96.5 9379732
2332 0.0 1748
2338 96.5 9379732
2332 0.0 1748
2338 96.5 9379732
2332 0.0 1748
2338 96.4 9379732
2332 0.0 1748
2338 96.4 9379732
2332 0.0 1748
2338 96.4 9379732
2332 0.0 1748
2338 96.4 9379732
2332 0.0 1748
2338 96.4 9379732
2332 0.0 1748
2338 96.4 9379732
2332 0.0 1748
2338 96.4 9379732
2332 0.0 1748
2338 96.4 9379732
2332 0.0 1748
2338 96.4 9379732
2332 0.0 1748
2338 96.4 9379732
2332 0.0 1748
2338 96.4 9379732
2332 0.0 1748
2338 96.4 9379732
2332 0.0 1748
2338 96.4 9379732
2332 0.0 1748
2338 96.4 9379732
2332 0.0 1748
2338 96.4 9379732
2332 0.0 1748
2338 96.4 9379732
2332 0.0 1748
2338 96.4 9379732
2332 0.0 1748
2338 96.4 9379732
2332 0.0 1748
2338 96.3 9379732
2332 0.0 1748
2338 96.2 9379732
2332 0.0 1748
2338 96.1 9379732
2332 0.0 1748
2338 95.9 9379732
2332 0.0 1748
2338 95.9 9379732
2332 0.0 1748
2338 95.9 9379732
2332 0.0 1748
2338 95.9 9379732
2332 0.0 1748
2338 95.9 9379732
2332 0.0 1748
2338 95.9 9379732
2332 0.0 1748
2338 95.9 9379732
2332 0.0 1748
2338 95.9 9379732
2332 0.0 1748
2338 95.9 9379732
2332 0.0 1748
2338 95.9 9379732
2332 0.0 1748
2338 95.9 9379732
2332 0.0 1748
2338 95.9 9379732
2332 0.0 1748
2338 95.9 9379732
2332 0.0 1748
2338 95.9 9379732
2332 0.0 1748
2338 95.9 9379732
2332 0.0 1748
2338 95.9 9379732
2332 0.0 1748
2338 95.9 9379732
2332 0.0 1748
2338 95.9 9379732
2332 0.0 1748
2338 95.9 9379732
2332 0.0 1748
2338 95.9 9379732
2332 0.0 1748
2338 95.9 9379732
2332 0.0 1748
2338 95.9 9379732
2332 0.0 1748
2338 95.9 9379732
2332 0.0 1748
2338 95.9 9379732
2332 0.0 1748
2338 95.9 9379732
2332 0.0 1748
2338 95.9 9379732
2332 0.0 1748
2338 95.9 9379732
2332 0.0 1748
2338 95.9 9379732
2332 0.0 1748
2338 95.9 9379732
2332 0.0 1748
2338 95.9 9379732
2332 0.0 1748
2338 95.9 9379732
2332 0.0 1748
2338 95.9 9379732
2332 0.0 1748
2338 95.8 9379732
2332 0.0 1748
2338 95.8 9379732
2332 0.0 1748
2338 95.8 9379732
2332 0.0 1748
2338 95.8 9379732
2332 0.0 1748
2338 95.8 9379732
2332 0.0 1748
2338 95.8 9379732
2332 0.0 1748
2338 95.8 9379732
2332 0.0 1748
2338 95.8 9379732
2332 0.0 1748
2338 95.8 9379732
2332 0.0 1748
2338 95.8 9379732
2332 0.0 1748
2338 95.8 9379732
2332 0.0 1748
2338 95.8 9379732
2332 0.0 1748
2338 95.8 9379732
2332 0.0 1748
2338 95.8 9379732
2332 0.0 1748
2338 95.8 9379732
2332 0.0 1748
2338 95.8 9379732
2332 0.0 1748
2338 95.8 9379732
2332 0.0 1748
2338 95.8 9379732
2332 0.0 1748
2338 95.8 9379732
2332 0.0 1748
2338 95.8 9379732
2332 0.0 1748
2338 95.8 9379732
2332 0.0 1748
2338 95.8 9379732
2332 0.0 1748
2338 95.8 9379732
2332 0.0 1748
2338 95.8 9379732
2332 0.0 1748
2338 95.8 9379732
2332 0.0 1748
2338 95.8 9379732
2332 0.0 1748
2338 95.8 9379732
2332 0.0 1748
2338 95.8 9379732
2332 0.0 1748
2338 95.8 9379732
2332 0.0 1748
2338 95.8 9379732
2332 0.0 1748
2338 95.8 9379732
2332 0.0 1748
2338 95.8 9379732
2332 0.0 1748
2338 95.8 9379732
2332 0.0 1748
2338 95.8 9379732
2332 0.0 1748
2338 95.8 9379732
2332 0.0 1748
2338 95.8 9379732
2332 0.0 1748
2338 95.7 9379732
2332 0.0 1748
2338 95.6 9379732
2332 0.0 1748
2338 95.5 9379732
2332 0.0 1748
2338 95.4 9379732
2332 0.0 1748
2338 95.3 9379732
2332 0.0 1748
2338 95.3 9379732
2332 0.0 1748
2338 95.3 9379732
2332 0.0 1748
2338 95.3 9379732
2332 0.0 1748
2338 95.3 9379732
2332 0.0 1748
2338 95.3 9379732
2332 0.0 1748
2338 95.3 9379732
2332 0.0 1748
2338 95.3 9379732
2332 0.0 1748
2338 95.3 9379732
2332 0.0 1748
2338 95.3 9379732
2332 0.0 1748
2338 95.3 9379732
2332 0.0 1748
2338 95.3 9379732
2332 0.0 1748
2338 95.3 9379732
2332 0.0 1748
2338 95.3 9379732
2332 0.0 1748
2338 95.3 9379732
2332 0.0 1748
2338 95.3 9379732
2332 0.0 1748
2338 95.3 9379732
2332 0.0 1748
2338 95.3 9379732
2332 0.0 1748
2338 95.3 9379732
2332 0.0 1748
2338 95.3 9379732
2332 0.0 1748
2338 95.3 9379732
2332 0.0 1748
2338 95.3 9379732
2332 0.0 1748
2338 95.3 9379732
2332 0.0 1748
2338 95.3 9379732
2332 0.0 1748
2338 95.4 9379732
2332 0.0 1748
2338 95.4 9379732
2332 0.0 1748
2338 95.3 9379732
2332 0.0 1748
2338 95.4 9379732
2332 0.0 1748
2338 95.4 9379732
2332 0.0 1748
2338 95.4 9379732
2332 0.0 1748
2338 95.4 9379732
2332 0.0 1748
2338 95.4 9379732
2332 0.0 1748
2338 95.4 9379732
2332 0.0 1748
2338 95.4 9379732
2332 0.0 1748
2338 95.4 9379732
2332 0.0 1748
2338 95.4 9379732
2332 0.0 1748
2338 95.4 9379732
2332 0.0 1748
2338 95.4 9379732
2332 0.0 1748
2338 95.4 9379732
2332 0.0 1748
2338 95.4 9379732
2332 0.0 1748
2338 95.4 9379732
2332 0.0 1748
2338 95.4 9379732
2332 0.0 1748
2338 95.4 9379732
2332 0.0 1748
2338 95.4 9379732
2332 0.0 1748
2338 95.3 9379732
2332 0.0 1748
2338 95.3 9379732
2332 0.0 1748
2338 95.3 9379732
2332 0.0 1748
2338 95.3 9379732
2332 0.0 1748
2338 95.3 9379732
2332 0.0 1748
2338 95.3 9379732
2332 0.0 1748
2338 95.3 9379732
2332 0.0 1748
2338 95.3 9379732
2332 0.0 1748
2338 95.3 9379732
2332 0.0 1748
2338 95.3 9379732
2332 0.0 1748
2338 95.3 9379732
2332 0.0 1748
2338 95.4 9379732
2332 0.0 1748
2338 95.3 9379732
2332 0.0 1748
2338 95.3 9379732
2332 0.0 1748
2338 95.4 9379732
2332 0.0 1748
2338 95.4 9379732
2332 0.0 1748
2338 95.4 9379732
2332 0.0 1748
2338 95.4 9379732
2332 0.0 1748
2338 95.4 9379732
2332 0.0 1748
2338 95.4 9379732
2332 0.0 1748
2338 95.4 9379732
2332 0.0 1748
2338 95.4 9379732
2332 0.0 1748
2338 95.4 9379732
2332 0.0 1748
2338 95.3 9379732
2332 0.0 1748
2338 95.2 9379732
2332 0.0 1748
2338 95.1 9379732
2332 0.0 1748
2338 95.0 9379732
2332 0.0 1748
2338 94.9 9379732
2332 0.0 1748
2338 94.8 9379732
2332 0.0 1748
2338 94.8 9379732
2332 0.0 1748
2338 94.8 9379732
2332 0.0 1748
2338 94.8 9379732
2332 0.0 1748
2338 94.8 9379732
2332 0.0 1748
2338 94.8 9379732
2332 0.0 1748
2338 94.8 9379732
2332 0.0 1748
2338 94.8 9379732
2332 0.0 1748
2338 94.8 9379732
2332 0.0 1748
2338 94.8 9379732
2332 0.0 1748
2338 94.8 9379732
2332 0.0 1748
2338 94.8 9379732
2332 0.0 1748
2338 94.8 9379732
2332 0.0 1748
2338 94.8 9379732
2332 0.0 1748
2338 94.8 9379732
2332 0.0 1748
2338 94.8 9379732
2332 0.0 1748
2338 94.9 9379732
2332 0.0 1748
2338 94.9 9379732
2332 0.0 1748
2338 94.9 9379732
2332 0.0 1748
2338 94.9 9379732
2332 0.0 1748
2338 94.9 9379732
2332 0.0 1748
2338 94.9 9379732
2332 0.0 1748
2338 94.9 9379732
2332 0.0 1748
2338 94.9 9379732
2332 0.0 1748
2338 94.9 9379732
2332 0.0 1748
2338 94.9 9379732
2332 0.0 1748
2338 94.9 9379732
2332 0.0 1748
2338 94.9 9379732
2332 0.0 1748
2338 94.9 9379732
2332 0.0 1748
2338 94.9 9379732
2332 0.0 1748
2338 94.9 9379732
2332 0.0 1748
2338 94.9 9379732
2332 0.0 1748
2338 94.9 9379732
2332 0.0 1748
2338 94.9 9379732
2332 0.0 1748
2338 94.9 9379732
2332 0.0 1748
2338 94.9 9379732
2332 0.0 1748
2338 94.9 9379732
2332 0.0 1748
2338 94.9 9379732
2332 0.0 1748
2338 94.9 9379732
2332 0.0 1748
2338 94.9 9379732
2332 0.0 1748
2338 94.9 9379732
2332 0.0 1748
2338 94.9 9379732
2332 0.0 1748
2338 94.9 9379732
2332 0.0 1748
2338 94.9 9379732
2332 0.0 1748
2338 94.9 9379732
2332 0.0 1748
2338 94.9 9379732
2332 0.0 1748
2338 94.9 9379732
2332 0.0 1748
2338 94.9 9379732
2332 0.0 1748
2338 94.9 9379732
2332 0.0 1748
2338 94.9 9379732
2332 0.0 1748
2338 94.9 9379732
2332 0.0 1748
2338 94.9 9379732
2332 0.0 1748
2338 94.9 9379732
2332 0.0 1748
2338 94.9 9379732
2332 0.0 1748
2338 94.9 9379732
2332 0.0 1748
2338 94.9 9379732
2332 0.0 1748
2338 94.9 9379732
2332 0.0 1748
2338 94.9 9379732
2332 0.0 1748
2338 94.9 9379732
2332 0.0 1748
2338 94.9 9379732
2332 0.0 1748
2338 95.0 9379732
2332 0.0 1748
2338 95.0 9379732
2332 0.0 1748
2338 95.0 9379732
2332 0.0 1748
2338 95.0 9379732
2332 0.0 1748
2338 95.0 9379732
2332 0.0 1748
2338 95.0 9379732
2332 0.0 1748
2338 95.0 9379732
2332 0.0 1748
2338 94.9 9379732
2332 0.0 1748
2338 94.8 9379732
2332 0.0 1748
2338 94.7 9379732
2332 0.0 1748
2338 94.6 9379732
2332 0.0 1748
2338 94.5 9379732
2332 0.0 1748
2338 94.4 9379732
2332 0.0 1748
2338 94.3 9379732
2332 0.0 1748
2338 94.2 9379732
2332 0.0 1748
2338 94.2 9379732
2332 0.0 1748
2338 94.2 9379732
2332 0.0 1748
2338 94.2 9379732
2332 0.0 1748
2338 94.3 9379732
2332 0.0 1748
2338 94.3 9379732
2332 0.0 1748
2338 94.3 9379732
2332 0.0 1748
2338 94.3 9379732
2332 0.0 1748
2338 94.3 9379732
2332 0.0 1748
2338 94.3 9379732
2332 0.0 1748
2338 94.3 9379732
2332 0.0 1748
2338 94.3 9379732
2332 0.0 1748
2338 94.3 9379732
13776 0.0 4140
2332 0.0 1748
2338 94.3 9379732
13776 0.2 4140
2332 0.0 1748
2338 94.3 9379732
13776 0.0 4140
2332 0.0 1748
2338 94.3 9379732
13776 0.0 4140
2332 0.0 1748
2338 94.3 9379732
13776 0.0 4140
2332 0.0 1748
2338 94.3 9379732
13776 0.0 4140
2332 0.0 1748
2338 94.3 9379732
13776 0.0 4140
2332 0.0 1748
2338 94.3 9379732
13776 0.0 4140
2332 0.0 1748
2338 94.3 9379732
13776 0.0 4140
2332 0.0 1748
2338 94.3 9379732
13776 0.0 4140
2332 0.0 1748
2338 94.3 9379732
13776 0.0 4140
2332 0.0 1748
2338 94.3 9379732
13776 0.0 4140
2332 0.0 1748
2338 94.3 9379732
13776 0.0 4140
2332 0.0 1748
2338 94.3 9379732
13776 0.0 4140
2332 0.0 1748
2338 94.3 9379732
13776 0.0 4140
2332 0.0 1748
2338 94.3 9379732
13776 0.0 4140
2332 0.0 1748
2338 94.3 9379732
13776 0.0 4140
2332 0.0 1748
2338 94.3 9379732
13776 0.0 4140
2332 0.0 1748
2338 94.3 9379732
13776 0.0 4140
2332 0.0 1748
2338 94.3 9379732
13776 0.0 4140
2332 0.0 1748
2338 94.3 9379732
13776 0.0 4140
2332 0.0 1748
2338 94.3 9379732
13776 0.0 4140
2332 0.0 1748
2338 94.3 9379732
13776 0.0 4140
2332 0.0 1748
2338 94.3 9379732
13776 0.0 4140
2332 0.0 1748
2338 94.3 9379732
13776 0.0 4140
2332 0.0 1748
2338 94.3 9379732
13776 0.0 4140
2332 0.0 1748
2338 94.3 9379732
13776 0.0 4140
2332 0.0 1748
2338 94.3 9379732
13776 0.0 4140
2332 0.0 1748
2338 94.3 9379732
13776 0.0 4140
2332 0.0 1748
2338 94.3 9379732
13776 0.0 4140
2332 0.0 1748
2338 94.3 9379732
13776 0.0 4140
2332 0.0 1748
2338 94.3 9379732
13776 0.0 4140
2332 0.0 1748
2338 94.3 9379732
13776 0.0 4140
2332 0.0 1748
2338 94.3 9379732
13776 0.0 4140
2332 0.0 1748
2338 94.3 9379732
13776 0.0 4140
2332 0.0 1748
2338 94.3 9379732
13776 0.0 4140
2332 0.0 1748
2338 94.3 9379732
13776 0.0 4140
2332 0.0 1748
2338 94.3 9379732
13776 0.0 4140
2332 0.0 1748
2338 94.3 9379732
13776 0.0 4140
2332 0.0 1748
2338 94.3 9379732
13776 0.0 4140
2332 0.0 1748
2338 94.3 9379732
13776 0.0 4140
2332 0.0 1748
2338 94.3 9379732
13776 0.0 4140
2332 0.0 1748
2338 94.3 9379732
13776 0.0 4140
2332 0.0 1748
2338 94.3 9379732
13776 0.0 4140
2332 0.0 1748
2338 94.3 9379732
13776 0.0 4140
2332 0.0 1748
2338 94.3 9379732
13776 0.0 4140
2332 0.0 1748
2338 94.3 9379732
13776 0.0 4140
2332 0.0 1748
2338 94.3 9379732
13776 0.0 4140
2332 0.0 1748
2338 94.3 9379732
13776 0.0 4140
2332 0.0 1748
2338 94.3 9379732
13776 0.0 4140
2332 0.0 1748
2338 94.3 9379732
13776 0.0 4140
2332 0.0 1748
2338 94.3 9379732
13776 0.0 4140
2332 0.0 1748
2338 94.3 9379732
13776 0.0 4140
2332 0.0 1748
2338 94.3 9379732
13776 0.0 4140
2332 0.0 1748
2338 94.2 9379732
13776 0.0 4140
2332 0.0 1748
2338 94.2 9379732
13776 0.0 4140
2332 0.0 1748
2338 94.1 9379732
13776 0.0 4140
2332 0.0 1748
2338 94.0 9379732
13776 0.0 4140
2332 0.0 1748
2338 93.9 9379732
13776 0.0 4140
2332 0.0 1748
2338 93.8 9379732
13776 0.0 4140
2332 0.0 1748
2338 93.7 9379732
13776 0.0 4140
2332 0.0 1748
2338 93.6 9379732
13776 0.0 4140
2332 0.0 1748
2338 93.5 9379732
13776 0.0 4140
2332 0.0 1748
2338 93.4 9379732
13776 0.0 4140
2332 0.0 1748
2338 93.4 9379732
13776 0.0 4140
2332 0.0 1748
2338 93.4 9379732
13776 0.0 4140
2332 0.0 1748
2338 93.4 9379732
13776 0.0 4140
2332 0.0 1748
2338 93.4 9379732
13776 0.0 4140
2332 0.0 1748
2338 93.4 9379732
13776 0.0 4140
2332 0.0 1748
2338 93.4 9379732
13776 0.0 4140
2332 0.0 1748
2338 93.4 9379732
13776 0.0 4140
2332 0.0 1748
2338 93.4 9379732
13776 0.0 4140
2332 0.0 1748
2338 93.4 9379732
13776 0.0 4140
2332 0.0 1748
2338 93.4 9379732
13776 0.0 4140
2332 0.0 1748
2338 93.4 9379732
13776 0.0 4140
2332 0.0 1748
2338 93.4 9379732
13776 0.0 4140
2332 0.0 1748
2338 93.5 9379732
13776 0.0 4140
2332 0.0 1748
2338 93.5 9379732
13776 0.0 4140
2332 0.0 1748
2338 93.5 9379732
13776 0.0 4140
2332 0.0 1748
2338 93.4 9379732
13776 0.0 4140
2332 0.0 1748
2338 93.5 9379732
13776 0.0 4140
2332 0.0 1748
2338 93.5 9379732
13776 0.0 4140
2332 0.0 1748
2338 93.5 9379732
13776 0.0 4140
2332 0.0 1748
2338 93.5 9379732
13776 0.0 4140
2332 0.0 1748
2338 93.5 9379732
13776 0.0 4140
2332 0.0 1748
2338 93.5 9379732
13776 0.0 4140
2332 0.0 1748
2338 93.5 9379732
13776 0.0 4140
2332 0.0 1748
2338 93.5 9379732
13776 0.0 4140
2332 0.0 1748
2338 93.5 9379732
13776 0.0 4140
2332 0.0 1748
2338 93.5 9379732
13776 0.0 4140
2332 0.0 1748
2338 93.5 9379732
13776 0.0 4140
2332 0.0 1748
2338 93.5 9379732
13776 0.0 4140
2332 0.0 1748
2338 93.5 9379732
13776 0.0 4140
2332 0.0 1748
2338 93.5 9379732
13776 0.0 4140
2332 0.0 1748
2338 93.5 9379732
13776 0.0 4140
2332 0.0 1748
2338 93.5 9379732
13776 0.0 4140
2332 0.0 1748
2338 93.5 9379732
13776 0.0 4140
2332 0.0 1748
2338 93.5 9379732
13776 0.0 4140
2332 0.0 1748
2338 93.5 9379732
13776 0.0 4140
2332 0.0 1748
2338 93.5 9379732
13776 0.0 4140
2332 0.0 1748
2338 93.5 9379732
13776 0.0 4140
2332 0.0 1748
2338 93.6 9379732
13776 0.0 4140
2332 0.0 1748
2338 93.6 9379732
13776 0.0 4140
2332 0.0 1748
2338 93.6 9379732
13776 0.0 4140
2332 0.0 1748
2338 93.6 9379732
13776 0.0 4140
2332 0.0 1748
2338 93.6 9379732
13776 0.0 4140
2332 0.0 1748
2338 93.6 9379732
13776 0.0 4140
2332 0.0 1748
2338 93.6 9379732
13776 0.0 4140
2332 0.0 1748
2338 93.6 9379732
13776 0.0 4140
2332 0.0 1748
2338 93.6 9379732
13776 0.0 4140
2332 0.0 1748
2338 93.6 9379732
13776 0.0 4140
2332 0.0 1748
2338 93.6 9379732
13776 0.0 4140
2332 0.0 1748
2338 93.6 9379732
13776 0.0 4140
2332 0.0 1748
2338 93.6 9379732
13776 0.0 4140
2332 0.0 1748
2338 93.6 9379732
13776 0.0 4140
2332 0.0 1748
2338 93.6 9379732
13776 0.0 4140
2332 0.0 1748
2338 93.6 9379732
13776 0.0 4140
2332 0.0 1748
2338 93.6 9379732
13776 0.0 4140
2332 0.0 1748
2338 93.6 9379732
13776 0.0 4140
2332 0.0 1748
2338 93.6 9379732
13776 0.0 4140
2332 0.0 1748
2338 93.6 9379732
13776 0.0 4140
2332 0.0 1748
2338 93.6 9379732
13776 0.0 4140
2332 0.0 1748
2338 93.6 9379732
13776 0.0 4140
2332 0.0 1748
2338 93.6 9379732
13776 0.0 4140
2332 0.0 1748
2338 93.6 9379732
13776 0.0 4140
2332 0.0 1748
2338 93.6 9379732
13776 0.0 4140
2332 0.0 1748
2338 93.6 9379732
13776 0.0 4140
2332 0.0 1748
2338 93.6 9379732
13776 0.0 4140
2332 0.0 1748
2338 93.6 9379732
13776 0.0 4140
2332 0.0 1748
2338 93.6 9379732
13776 0.0 4140
2332 0.0 1748
2338 93.5 9379732
13776 0.0 4140
2332 0.0 1748
2338 93.4 9379732
13776 0.0 4140
2332 0.0 1748
2338 93.3 9379732
13776 0.0 4140
2332 0.0 1748
2338 93.2 9379732
13776 0.0 4140
2332 0.0 1748
2338 93.1 9379732
13776 0.0 4140
2332 0.0 1748
2338 93.0 9379732
13776 0.0 4140
2332 0.0 1748
2338 92.9 9379732
13776 0.0 4140
2332 0.0 1748
2338 92.9 9379732
13776 0.0 4140
2332 0.0 1748
2338 92.8 9379732
13776 0.0 4140
2332 0.0 1748
2338 92.7 9379732
13776 0.0 4140
2332 0.0 1748
2338 92.6 9379732
13776 0.0 4140
2332 0.0 1748
2338 92.7 9379732
13776 0.0 4140
2332 0.0 1748
2338 92.7 9379732
13776 0.0 4140
2332 0.0 1748
2338 92.7 9379732
13776 0.0 4140
2332 0.0 1748
2338 92.7 9379732
13776 0.0 4140
2332 0.0 1748
2338 92.7 9379732
13776 0.0 4140
2332 0.0 1748
2338 92.7 9379732
13776 0.0 4140
2332 0.0 1748
2338 92.7 9379732
13776 0.0 4140
2332 0.0 1748
2338 92.7 9379732
13776 0.0 4140
2332 0.0 1748
2338 92.7 9379732
13776 0.0 4140
2332 0.0 1748
2338 92.7 9379732
13776 0.0 4140
2332 0.0 1748
2338 92.7 9379732
13776 0.0 4140
2332 0.0 1748
2338 92.7 9379732
13776 0.0 4140
2332 0.0 1748
2338 92.7 9379732
13776 0.0 4140
2332 0.0 1748
2338 92.7 9379732
13776 0.0 4140
2332 0.0 1748
2338 92.7 9379732
13776 0.0 4140
2332 0.0 1748
2338 92.7 9379732
13776 0.0 4140
2332 0.0 1748
2338 92.7 9379732
13776 0.0 4140
2332 0.0 1748
2338 92.7 9379732
13776 0.0 4140
2332 0.0 1748
2338 92.7 9379732
13776 0.0 4140
2332 0.0 1748
2338 92.7 9379732
13776 0.0 4140
2332 0.0 1748
2338 92.7 9379732
13776 0.0 4140
2332 0.0 1748
2338 92.7 9379732
13776 0.0 4140
2332 0.0 1748
2338 92.8 9379732
13776 0.0 4140
2332 0.0 1748
2338 92.8 9379732
13776 0.0 4140
2332 0.0 1748
2338 92.8 9379732
13776 0.0 4140
2332 0.0 1748
2338 92.8 9379732
13776 0.0 4140
2332 0.0 1748
2338 92.8 9379732
13776 0.0 4140
2332 0.0 1748
2338 92.8 9379732
13776 0.0 4140
2332 0.0 1748
2338 92.8 9379732
13776 0.0 4140
2332 0.0 1748
2338 92.8 9379732
13776 0.0 4140
2332 0.0 1748
2338 92.8 9379732
13776 0.0 4140
2332 0.0 1748
2338 92.8 9379732
13776 0.0 4140
2332 0.0 1748
2338 92.8 9379732
13776 0.0 4140
2332 0.0 1748
2338 92.8 9379732
13776 0.0 4140
2332 0.0 1748
2338 92.8 9379732
13776 0.0 4140
2332 0.0 1748
2338 92.8 9379732
13776 0.0 4140
2332 0.0 1748
2338 92.8 9379732
13776 0.0 4140
2332 0.0 1748
2338 92.8 9379732
13776 0.0 4140
2332 0.0 1748
2338 92.8 9379732
13776 0.0 4140
2332 0.0 1748
2338 92.8 9379732
13776 0.0 4140
2332 0.0 1748
2338 92.8 9379732
13776 0.0 4140
2332 0.0 1748
2338 92.8 9379732
13776 0.0 4140
2332 0.0 1748
2338 92.8 9379732
13776 0.0 4140
2332 0.0 1748
2338 92.8 9379732
13776 0.0 4140
2332 0.0 1748
2338 92.8 9379732
13776 0.0 4140
2332 0.0 1748
2338 92.8 9379732
13776 0.0 4140
2332 0.0 1748
2338 92.8 9379732
13776 0.0 4140
2332 0.0 1748
2338 92.9 9379732
13776 0.0 4140
2332 0.0 1748
2338 92.9 9379732
13776 0.0 4140
2332 0.0 1748
2338 92.9 9379732
13776 0.0 4140
2332 0.0 1748
2338 92.9 9379732
13776 0.0 4140
2332 0.0 1748
2338 92.9 9379732
13776 0.0 4140
2332 0.0 1748
2338 92.9 9379732
13776 0.0 4140
2332 0.0 1748
2338 92.9 9379732
13776 0.0 4140
2332 0.0 1748
2338 92.9 9379732
13776 0.0 4140
2332 0.0 1748
2338 92.9 9379732
13776 0.0 4140
2332 0.0 1748
2338 92.9 9379732
13776 0.0 4140
2332 0.0 1748
2338 92.9 9379732
13776 0.0 4140
2332 0.0 1748
2338 92.9 9379732
13776 0.0 4140
2332 0.0 1748
2338 92.9 9379732
13776 0.0 4140
2332 0.0 1748
2338 92.9 9379732
13776 0.0 4140
2332 0.0 1748
2338 92.9 9379732
13776 0.0 4140
2332 0.0 1748
2338 92.9 9379732
13776 0.0 4140
2332 0.0 1748
2338 92.9 9379732
13776 0.0 4140
2332 0.0 1748
2338 92.8 9379732
13776 0.0 4140
2332 0.0 1748
2338 92.8 9379732
13776 0.0 4140
2332 0.0 1748
2338 92.7 9379732
13776 0.0 4140
2332 0.0 1748
2338 92.6 9379732
13776 0.0 4140
2332 0.0 1748
2338 92.5 9379732
13776 0.0 4140
2332 0.0 1748
2338 92.4 9379732
13776 0.0 4140
2332 0.0 1748
2338 92.3 9379732
13776 0.0 4140
2332 0.0 1748
2338 92.3 9379732
13776 0.0 4140
2332 0.0 1748
2338 92.2 9379732
13776 0.0 4140
2332 0.0 1748
2338 92.1 9379732
13776 0.0 4140
2332 0.0 1748
2338 92.0 9379732
13776 0.0 4140
2332 0.0 1748
2338 92.0 9379732
13776 0.0 4140
2332 0.0 1748
2338 92.0 9379732
13776 0.0 4140
2332 0.0 1748
2338 92.0 9379732
13776 0.0 4140
2332 0.0 1748
2338 92.0 9379732
13776 0.0 4140
2332 0.0 1748
2338 92.0 9379732
13776 0.0 4140
2332 0.0 1748
2338 92.0 9379732
13776 0.0 4140
2332 0.0 1748
2338 92.0 9379732
13776 0.0 4140
2332 0.0 1748
2338 92.1 9379732
13776 0.0 4140
2332 0.0 1748
2338 92.1 9379732
13776 0.0 4140
2332 0.0 1748
2338 92.1 9379732
13776 0.0 4140
2332 0.0 1748
2338 92.1 9379732
13776 0.0 4140
2332 0.0 1748
2338 92.1 9379732
13776 0.0 4140
2332 0.0 1748
2338 92.1 9379732
13776 0.0 4140
2332 0.0 1748
2338 92.1 9379732
13776 0.0 4140
2332 0.0 1748
2338 92.1 9379732
13776 0.0 4140
2332 0.0 1748
2338 92.1 9379732
13776 0.0 4140
2332 0.0 1748
2338 92.1 9379732
13776 0.0 4140
2332 0.0 1748
2338 92.1 9379732
13776 0.0 4140
2332 0.0 1748
2338 92.1 9379732
13776 0.0 4140
2332 0.0 1748
2338 92.1 9379732
13776 0.0 4140
2332 0.0 1748
2338 92.1 9379732
13776 0.0 4140
2332 0.0 1748
2338 92.2 9379732
13776 0.0 4140
2332 0.0 1748
2338 92.2 9379732
13776 0.0 4140
2332 0.0 1748
2338 92.2 9379732
13776 0.0 4140
2332 0.0 1748
2338 92.2 9379732
13776 0.0 4140
2332 0.0 1748
2338 92.2 9379732
13776 0.0 4140
2332 0.0 1748
2338 92.2 9379732
13776 0.0 4140
2332 0.0 1748
2338 92.2 9379732
13776 0.0 4140
2332 0.0 1748
2338 92.2 9379732
13776 0.0 4140
2332 0.0 1748
2338 92.2 9379732
13776 0.0 4140
2332 0.0 1748
2338 92.2 9379732
13776 0.0 4140
2332 0.0 1748
2338 92.2 9379732
13776 0.0 4140
2332 0.0 1748
2338 92.2 9379732
13776 0.0 4140
2332 0.0 1748
2338 92.2 9379732
13776 0.0 4140
2332 0.0 1748
2338 92.2 9379732
13776 0.0 4140
2332 0.0 1748
2338 92.2 9379732
13776 0.0 4140
2332 0.0 1748
2338 92.2 9379732
13776 0.0 4140
2332 0.0 1748
2338 92.2 9379732
13776 0.0 4140
2332 0.0 1748
2338 92.2 9379732
13776 0.0 4140
2332 0.0 1748
2338 92.2 9379732
13776 0.0 4140
2332 0.0 1748
2338 92.2 9379732
13776 0.0 4140
2332 0.0 1748
2338 92.3 9379732
13776 0.0 4140
2332 0.0 1748
2338 92.3 9379732
13776 0.0 4140
2332 0.0 1748
2338 92.3 9379732
13776 0.0 4140
2332 0.0 1748
2338 92.3 9379732
13776 0.0 4140
2332 0.0 1748
2338 92.3 9379732
13776 0.0 4140
2332 0.0 1748
2338 92.3 9379732
13776 0.0 4140
2332 0.0 1748
2338 92.3 9379732
13776 0.0 4140
2332 0.0 1748
2338 92.3 9379732
13776 0.0 4140
2332 0.0 1748
2338 92.3 9379732
13776 0.0 4140
2332 0.0 1748
2338 92.3 9379732
13776 0.0 4140
2332 0.0 1748
2338 92.3 9379732
13776 0.0 4140
2332 0.0 1748
2338 92.3 9379732
13776 0.0 4140
2332 0.0 1748
2338 92.3 9379732
13776 0.0 4140
2332 0.0 1748
2338 92.3 9379732
13776 0.0 4140
2332 0.0 1748
2338 92.3 9379732
13776 0.0 4140
2332 0.0 1748
2338 92.3 9379732
13776 0.0 4140
2332 0.0 1748
2338 92.3 9379732
13776 0.0 4140
2332 0.0 1748
2338 92.3 9379732
13776 0.0 4140
2332 0.0 1748
2338 92.3 9379732
13776 0.0 4140
2332 0.0 1748
2338 92.3 9379732
13776 0.0 4140
2332 0.0 1748
2338 92.3 9379732
13776 0.0 4140
2332 0.0 1748
13776 0.0 4140
2332 0.0 1748
13776 0.0 4140
2332 0.0 1748
13776 0.0 4140
2332 0.0 1748
13776 0.0 4140
2332 0.0 1748
13776 0.0 4140
2332 0.0 1748
13776 0.0 4140
2332 0.0 1748
13776 0.0 4140
2332 0.0 1748
13776 0.0 4140
2332 0.0 1748
13776 0.0 4140
2332 0.0 1748
13776 0.0 4140
2332 0.0 1748
13776 0.0 4140
2332 0.0 1748
13776 0.0 4140
2332 0.0 1748
13776 0.0 4140
2332 0.0 1748
13776 0.0 4140
2332 0.0 1748
2332 0.0 1748
2332 0.0 1748
18056 0.5 4148
2332 0.0 1748
18056 0.2 4148
2332 0.0 1748
18056 0.1 4148
2332 0.0 1748
18056 0.1 4148
2332 0.0 1748
18056 0.0 4148
2332 0.0 1748
18056 0.0 4148
2332 0.0 1748
18056 0.0 4148
2332 0.0 1748
18056 0.0 4148
2332 0.0 1748
18056 0.0 4148
2332 0.0 1748
18056 0.0 4148
2332 0.0 1748
18056 0.0 4148
2332 0.0 1748
18056 0.0 4148
2332 0.0 1748
18056 0.0 4148
2332 0.0 1748
18056 0.0 4148
2332 0.0 1748
18056 0.0 4148
2332 0.0 1748
18056 0.0 4148
2332 0.0 1748
18056 0.0 4148
2332 0.0 1748
18056 0.0 4148
2332 0.0 1748
18056 0.0 4148
2332 0.0 1748
18056 0.0 4148
2332 0.0 1748
18056 0.0 4148
2332 0.0 1748
18056 0.0 4148
2332 0.0 1748
18056 0.0 4148
2332 0.0 1748
18056 0.0 4148
2332 0.0 1748
18056 0.0 4148
2332 0.0 1748
18056 0.0 4148
2332 0.0 1748
18056 0.0 4148
2332 0.0 1748
18056 0.0 4148
2332 0.0 1748
18056 0.0 4148
2332 0.0 1748
18056 0.0 4148
2332 0.0 1748
18056 0.0 4148
2332 0.0 1748
18056 0.0 4148
2332 0.0 1748
18056 0.0 4148
2332 0.0 1748
18056 0.0 4148
2332 0.0 1748
18056 0.0 4148
2332 0.0 1748
18056 0.0 4148
2332 0.0 1748
18056 0.0 4148
2332 0.0 1748
18056 0.0 4148
2332 0.0 1748
18056 0.0 4148
2332 0.0 1748
18056 0.0 4148
2332 0.0 1748
18056 0.0 4148
2332 0.0 1748
18056 0.0 4148
2332 0.0 1748
18056 0.0 4148
2332 0.0 1748
18620 0.0 4084
2332 0.0 1748
18620 0.4 4084
2332 0.0 1748
18620 0.2 4084
2332 0.0 1748
18620 0.1 4084
