31157 0.0 816
31157 0.0 816
31163 105 6312128
31157 0.0 1692
31163 102 15288388
31157 0.0 1692
31163 75.5 17190724
31157 0.0 1692
31163 54.5 17190724
31157 0.0 1692
31163 44.6 17190724
31157 0.0 1692
31163 38.1 17190724
31157 0.0 1692
31163 33.6 17190724
31157 0.0 1692
31163 30.1 17190724
31157 0.0 1692
31163 27.4 17190724
31157 0.0 1692
31163 25.2 17190724
31157 0.0 1692
31163 23.4 17190724
31157 0.0 1692
31163 21.9 17190724
31157 0.0 1692
31163 20.6 17190724
31157 0.0 1692
31163 19.6 17190724
31157 0.0 1692
31163 18.6 17190724
31157 0.0 1692
31163 17.8 17190724
31157 0.0 1692
31163 17.2 17190724
31157 0.0 1692
31163 16.5 17190724
31157 0.0 1692
31163 19.0 17190724
31157 0.0 1692
31163 23.1 17190724
31157 0.0 1692
31163 186 9379092
31157 0.0 1692
31163 228 8754052
31157 0.0 1692
31163 223 8754052
31157 0.0 1692
31163 217 15469884
31157 0.0 1692
31163 209 17191376
31157 0.0 1692
31163 201 17191376
31157 0.0 1692
31163 194 17191376
31157 0.0 1692
31163 187 17191376
31157 0.0 1692
31163 181 17191376
31157 0.0 1692
31163 175 17191376
31157 0.0 1692
31163 169 17191376
31157 0.0 1692
31163 164 17191376
31157 0.0 1692
31163 159 17191376
31157 0.0 1692
31163 154 17191376
31157 0.0 1692
31163 149 17191376
31157 0.0 1692
31163 145 17191376
31157 0.0 1692
31163 141 17191376
31157 0.0 1692
31163 137 17191376
31157 0.0 1692
31163 134 17191376
31157 0.0 1692
31163 131 17191376
31157 0.0 1692
31163 127 17191376
31157 0.0 1692
31163 124 17191376
31157 0.0 1692
31163 122 17191376
31157 0.0 1692
31163 119 17191376
31157 0.0 1692
31163 116 17191376
31157 0.0 1692
31163 114 17191376
31157 0.0 1692
31163 111 17191376
31157 0.0 1692
31163 109 17191376
31157 0.0 1692
31163 107 17191376
31157 0.0 1692
31163 105 17191376
31157 0.0 1692
31163 103 17191376
31157 0.0 1692
31163 101 17191376
31157 0.0 1692
31163 99.3 17191376
31157 0.0 1692
31163 97.5 17191376
31157 0.0 1692
31163 95.8 17191376
31157 0.0 1692
31163 94.1 17191376
31157 0.0 1692
31163 92.5 17191376
31157 0.0 1692
31163 90.9 17191376
31157 0.0 1692
31163 89.4 17191376
31157 0.0 1692
31163 87.9 17191376
31157 0.0 1692
31163 86.2 17191376
31157 0.0 1692
31163 84.9 17191376
31157 0.0 1692
31163 83.6 17191376
31157 0.0 1692
31163 82.3 17191376
31157 0.0 1692
31163 81.1 17191376
31157 0.0 1692
31163 79.9 17191376
31157 0.0 1692
31163 78.8 17191376
31157 0.0 1692
31163 77.7 17191376
31157 0.0 1692
31163 76.7 17191376
31157 0.0 1692
31163 75.6 17191376
31157 0.0 1692
31163 74.7 17191376
31157 0.0 1692
31163 75.1 17191376
31157 0.0 1692
31163 114 9379288
31157 0.0 1692
31163 136 9379056
31157 0.0 1692
31163 137 8755172
31157 0.0 1692
31163 137 8755172
31157 0.0 1692
31163 136 8755172
31157 0.0 1692
31163 136 8755172
31157 0.0 1692
31163 135 8755172
31157 0.0 1692
31163 135 8755172
31157 0.0 1692
31163 134 8755172
31157 0.0 1692
31163 134 8755172
31157 0.0 1692
31163 134 8755172
31157 0.0 1692
31163 133 8755172
31157 0.0 1692
31163 133 8755172
31157 0.0 1692
31163 132 8755172
31157 0.0 1692
31163 132 8755172
31157 0.0 1692
31163 132 8755172
31157 0.0 1692
31163 131 8755172
31157 0.0 1692
31163 131 8755172
31157 0.0 1692
31163 130 8755172
31157 0.0 1692
31163 130 8755172
31157 0.0 1692
31163 130 8755172
31157 0.0 1692
31163 129 8755172
31157 0.0 1692
31163 129 8755172
31157 0.0 1692
31163 128 8755172
31157 0.0 1692
31163 128 8755172
31157 0.0 1692
31163 128 8755172
31157 0.0 1692
31163 127 8755172
31157 0.0 1692
31163 127 8755172
31157 0.0 1692
31163 127 8755172
31157 0.0 1692
31163 126 8755172
31157 0.0 1692
31163 126 8755172
31157 0.0 1692
31163 126 8755172
31157 0.0 1692
31163 125 8755172
31157 0.0 1692
31163 125 8755172
31157 0.0 1692
31163 125 8755172
31157 0.0 1692
31163 124 8755172
31157 0.0 1692
31163 124 8755172
31157 0.0 1692
31163 124 8755172
31157 0.0 1692
31163 123 8755172
31157 0.0 1692
31163 123 8755172
31157 0.0 1692
31163 123 8755172
31157 0.0 1692
31163 123 8755172
31157 0.0 1692
31163 122 8755172
31157 0.0 1692
31163 122 8755172
31157 0.0 1692
31163 122 8755172
31157 0.0 1692
31163 122 8755172
31157 0.0 1692
31163 121 8755172
31157 0.0 1692
31163 121 8755172
31157 0.0 1692
31163 121 8755172
31157 0.0 1692
31163 121 8755172
31157 0.0 1692
31163 120 8755172
33010 0.0 88
31157 0.0 1692
31157 0.0 1692
